<?xml version="1.0" encoding="UTF-8"?>
<!-- Generated by org.testng.reporters.JUnitXMLReporter -->
<testsuite ignored="0" hostname="asifansari" failures="0" tests="5" name="Test" time="107.678" errors="0" timestamp="21 Dec 2021 17:05:02 GMT">
  <testcase classname="cucumber.api.testng.AbstractTestNGCucumberTests" name="feature" time="22.282"/>
  <testcase classname="cucumber.api.testng.AbstractTestNGCucumberTests" name="feature" time="15.172"/>
  <testcase classname="cucumber.api.testng.AbstractTestNGCucumberTests" name="feature" time="32.894"/>
  <testcase classname="cucumber.api.testng.AbstractTestNGCucumberTests" name="feature" time="17.077"/>
  <testcase classname="cucumber.api.testng.AbstractTestNGCucumberTests" name="feature" time="19.675"/>
</testsuite> <!-- Test -->
