<?xml version="1.0" encoding="UTF-8"?>
<!-- Generated by org.testng.reporters.JUnitXMLReporter -->
<testsuite ignored="0" hostname="asifansari" failures="0" tests="5" name="Test" time="108.128" errors="0" timestamp="21 Dec 2021 17:08:58 GMT">
  <testcase classname="cucumber.api.testng.AbstractTestNGCucumberTests" name="feature" time="20.111"/>
  <testcase classname="cucumber.api.testng.AbstractTestNGCucumberTests" name="feature" time="15.814"/>
  <testcase classname="cucumber.api.testng.AbstractTestNGCucumberTests" name="feature" time="32.44"/>
  <testcase classname="cucumber.api.testng.AbstractTestNGCucumberTests" name="feature" time="17.562"/>
  <testcase classname="cucumber.api.testng.AbstractTestNGCucumberTests" name="feature" time="21.516"/>
</testsuite> <!-- Test -->
