<?xml version="1.0" encoding="UTF-8"?>
<testsuite xmlns:xsi="http://www.w3.org/2001/XMLSchema-instance" xsi:noNamespaceSchemaLocation="https://maven.apache.org/surefire/maven-surefire-plugin/xsd/surefire-test-report-3.0.xsd" version="3.0" name="TestSuite" time="110.495" tests="5" errors="0" skipped="0" failures="0">
  <properties>
[...]
</properties>
  <testcase name="feature[To verify the click functionality of Display_Show_Title option in App section of  DemoApi app.](1)" classname="com.RunnerFile.TestRunner" time="20.117">
    <system-out><![CDATA[[TestNGContentHandler] [WARN] It is strongly recommended to add "<!DOCTYPE suite SYSTEM "http://testng.org/testng-1.0.dtd" >" at the top of your file, otherwise TestNG may fail or not work as expected.
...
... TestNG 6.14.3 by Cédric Beust (cedric@beust.com)
...

**On start**On test startFeature: To verify the click functionality of Display_Show_Title option in App section of  DemoApi app.
&amp#27;[35m[Appium]&amp#27;[39m Welcome to Appium v1.22.0
&amp#27;[35m[Appium]&amp#27;[39m Appium REST http interface listener started on 0.0.0.0:4723
&amp#27;[35m[HTTP]&amp#27;[39m &amp#27;[37m-->&amp#27;[39m &amp#27;[37mGET&amp#27;[39m &amp#27;[37m/wd/hub/status&amp#27;[39m
&amp#27;[35m[HTTP]&amp#27;[39m &amp#27;[90m{}&amp#27;[39m
[debug] &amp#27;[35m[GENERIC]&amp#27;[39m Calling AppiumDriver.getStatus() with args: []
[debug] &amp#27;[35m[GENERIC]&amp#27;[39m Responding to client with driver.getStatus() result: {"build":{"version":"1.22.0"}}
&amp#27;[35m[HTTP]&amp#27;[39m &amp#27;[37m<-- GET /wd/hub/status &amp#27;[39m&amp#27;[32m200&amp#27;[39m &amp#27;[90m16 ms - 68&amp#27;[39m
&amp#27;[35m[HTTP]&amp#27;[39m &amp#27;[90m&amp#27;[39m
&amp#27;[35m[HTTP]&amp#27;[39m &amp#27;[37m-->&amp#27;[39m &amp#27;[37mPOST&amp#27;[39m &amp#27;[37m/wd/hub/session&amp#27;[39m
&amp#27;[35m[HTTP]&amp#27;[39m &amp#27;[90m{"desiredCapabilities":{"app":"./src/test/resources/MyAPP/ApiDemos-debug.apk","appActivity":".ApiDemos","appPackage":"io.appium.android.apis","platformVersion":"8.1","platformName":"Android","deviceName":"Android"},"capabilities":{"alwaysMatch":{"appium:app":"./src/test/resources/MyAPP/ApiDemos-debug.apk","appium:appActivity":".ApiDemos","appium:appPackage":"io.appium.android.apis","appium:deviceName":"Android","platformName":"android","appium:platformVersion":"8.1"},"firstMatch":[{}]}}&amp#27;[39m
[debug] &amp#27;[35m[W3C]&amp#27;[39m Calling AppiumDriver.createSession() with args: [{"app":"./src/test/resources/MyAPP/ApiDemos-debug.apk","appActivity":".ApiDemos","appPackage":"io.appium.android.apis","platformVersion":"8.1","platformName":"Android","deviceName":"Android"},null,{"alwaysMatch":{"appium:app":"./src/test/resources/MyAPP/ApiDemos-debug.apk","appium:appActivity":".ApiDemos","appium:appPackage":"io.appium.android.apis","appium:deviceName":"Android","platformName":"android","appium:platformVersion":"8.1"},"firstMatch":[{}]}]
[debug] &amp#27;[35m[BaseDriver]&amp#27;[39m Event 'newSessionRequested' logged at 1640106435126 (22:37:15 GMT+0530 (India Standard Time))
&amp#27;[35m[Appium]&amp#27;[39m 
&amp#27;[35m[Appium]&amp#27;[39m ======================================================================
&amp#27;[35m[Appium]&amp#27;[39m   DEPRECATION WARNING:
&amp#27;[35m[Appium]&amp#27;[39m 
&amp#27;[35m[Appium]&amp#27;[39m   The 'automationName' capability was not provided in the desired 
&amp#27;[35m[Appium]&amp#27;[39m   capabilities for this Android session
&amp#27;[35m[Appium]&amp#27;[39m 
&amp#27;[35m[Appium]&amp#27;[39m   Setting 'automationName=UiAutomator2' by default and using the 
&amp#27;[35m[Appium]&amp#27;[39m   UiAutomator2 Driver
&amp#27;[35m[Appium]&amp#27;[39m 
&amp#27;[35m[Appium]&amp#27;[39m   The next major version of Appium (2.x) will **require** the 
&amp#27;[35m[Appium]&amp#27;[39m   'automationName' capability to be set for all sessions on all 
&amp#27;[35m[Appium]&amp#27;[39m   platforms
&amp#27;[35m[Appium]&amp#27;[39m 
&amp#27;[35m[Appium]&amp#27;[39m   In previous versions (Appium <= 1.13.x), the default was 
&amp#27;[35m[Appium]&amp#27;[39m   'automationName=UiAutomator1'
&amp#27;[35m[Appium]&amp#27;[39m 
&amp#27;[35m[Appium]&amp#27;[39m   If you wish to use that automation instead of UiAutomator2, please 
&amp#27;[35m[Appium]&amp#27;[39m   add 'automationName=UiAutomator1' to your desired capabilities
&amp#27;[35m[Appium]&amp#27;[39m 
&amp#27;[35m[Appium]&amp#27;[39m   For more information about drivers, please visit 
&amp#27;[35m[Appium]&amp#27;[39m   http://appium.io/docs/en/about-appium/intro/ and explore the 
&amp#27;[35m[Appium]&amp#27;[39m   'Drivers' menu
&amp#27;[35m[Appium]&amp#27;[39m 
&amp#27;[35m[Appium]&amp#27;[39m ======================================================================
&amp#27;[35m[Appium]&amp#27;[39m 
&amp#27;[35m[Appium]&amp#27;[39m Appium v1.22.0 creating new AndroidUiautomator2Driver (v1.69.0) session
[debug] &amp#27;[35m[BaseDriver]&amp#27;[39m W3C capabilities and MJSONWP desired capabilities were provided
[debug] &amp#27;[35m[BaseDriver]&amp#27;[39m Creating session with W3C capabilities: {
[debug] &amp#27;[35m[BaseDriver]&amp#27;[39m   "alwaysMatch": {
[debug] &amp#27;[35m[BaseDriver]&amp#27;[39m     "platformName": "android",
[debug] &amp#27;[35m[BaseDriver]&amp#27;[39m     "appium:app": "./src/test/resources/MyAPP/ApiDemos-debug.apk",
[debug] &amp#27;[35m[BaseDriver]&amp#27;[39m     "appium:appActivity": ".ApiDemos",
[debug] &amp#27;[35m[BaseDriver]&amp#27;[39m     "appium:appPackage": "io.appium.android.apis",
[debug] &amp#27;[35m[BaseDriver]&amp#27;[39m     "appium:deviceName": "Android",
[debug] &amp#27;[35m[BaseDriver]&amp#27;[39m     "appium:platformVersion": "8.1"
[debug] &amp#27;[35m[BaseDriver]&amp#27;[39m   },
[debug] &amp#27;[35m[BaseDriver]&amp#27;[39m   "firstMatch": [
[debug] &amp#27;[35m[BaseDriver]&amp#27;[39m     {}
[debug] &amp#27;[35m[BaseDriver]&amp#27;[39m   ]
[debug] &amp#27;[35m[BaseDriver]&amp#27;[39m }
&amp#27;[35m[BaseDriver]&amp#27;[39m Session created with session id: e6dc9ab1-168e-4e90-b7de-0b2c0502a97b
&amp#27;[35m[BaseDriver]&amp#27;[39m Using local app './src/test/resources/MyAPP/ApiDemos-debug.apk'
&amp#27;[35m[BaseDriver]&amp#27;[39m The current application path './src/test/resources/MyAPP/ApiDemos-debug.apk' is not absolute and has been rewritten to 'C:\Users\asifansari\eclipse-workspace\MyAppiumMavenAssignment\src\test\resources\MyAPP\ApiDemos-debug.apk'. Consider using absolute paths rather than relative
[debug] &amp#27;[35m[UiAutomator2]&amp#27;[39m Checking whether app is actually present
&amp#27;[35m[ADB]&amp#27;[39m Found 2 'build-tools' folders under 'C:\Users\asifansari\AppData\Local\Android\Sdk' (newest first):
&amp#27;[35m[ADB]&amp#27;[39m     C:/Users/asifansari/AppData/Local/Android/Sdk/build-tools/31.0.0
&amp#27;[35m[ADB]&amp#27;[39m     C:/Users/asifansari/AppData/Local/Android/Sdk/build-tools/30.0.2
&amp#27;[35m[ADB]&amp#27;[39m Using 'adb.exe' from 'C:\Users\asifansari\AppData\Local\Android\Sdk\platform-tools\adb.exe'
[debug] &amp#27;[35m[ADB]&amp#27;[39m Running 'C:\Users\asifansari\AppData\Local\Android\Sdk\platform-tools\adb.exe -P 5037 start-server'
&amp#27;[35m[AndroidDriver]&amp#27;[39m Retrieving device list
[debug] &amp#27;[35m[ADB]&amp#27;[39m Trying to find a connected android device
[debug] &amp#27;[35m[ADB]&amp#27;[39m Getting connected devices
[debug] &amp#27;[35m[ADB]&amp#27;[39m Connected devices: [{"udid":"emulator-5554","state":"device"}]
&amp#27;[35m[AndroidDriver]&amp#27;[39m Looking for a device with Android '8.1.0'
[debug] &amp#27;[35m[ADB]&amp#27;[39m Setting device id to emulator-5554
&amp#27;[35m[ADB]&amp#27;[39m Getting device platform version
[debug] &amp#27;[35m[ADB]&amp#27;[39m Running 'C:\Users\asifansari\AppData\Local\Android\Sdk\platform-tools\adb.exe -P 5037 -s emulator-5554 shell getprop ro.build.version.release'
[debug] &amp#27;[35m[ADB]&amp#27;[39m Current device property 'ro.build.version.release': 8.1.0
&amp#27;[35m[AndroidDriver]&amp#27;[39m Using device: emulator-5554
&amp#27;[35m[ADB]&amp#27;[39m Using 'adb.exe' from 'C:\Users\asifansari\AppData\Local\Android\Sdk\platform-tools\adb.exe'
[debug] &amp#27;[35m[ADB]&amp#27;[39m Running 'C:\Users\asifansari\AppData\Local\Android\Sdk\platform-tools\adb.exe -P 5037 start-server'
[debug] &amp#27;[35m[ADB]&amp#27;[39m Setting device id to emulator-5554
[debug] &amp#27;[35m[ADB]&amp#27;[39m Running 'C:\Users\asifansari\AppData\Local\Android\Sdk\platform-tools\adb.exe -P 5037 -s emulator-5554 shell getprop ro.build.version.sdk'
[debug] &amp#27;[35m[ADB]&amp#27;[39m Current device property 'ro.build.version.sdk': 27
[debug] &amp#27;[35m[ADB]&amp#27;[39m Device API level: 27
[debug] &amp#27;[35m[ADB]&amp#27;[39m Running 'C:\Users\asifansari\AppData\Local\Android\Sdk\platform-tools\adb.exe -P 5037 -s emulator-5554 wait-for-device'
[debug] &amp#27;[35m[ADB]&amp#27;[39m Running 'C:\Users\asifansari\AppData\Local\Android\Sdk\platform-tools\adb.exe -P 5037 -s emulator-5554 shell echo ping'
[debug] &amp#27;[35m[AndroidDriver]&amp#27;[39m Pushing settings apk to device...
[debug] &amp#27;[35m[ADB]&amp#27;[39m Getting install status for io.appium.settings
[debug] &amp#27;[35m[ADB]&amp#27;[39m Running 'C:\Users\asifansari\AppData\Local\Android\Sdk\platform-tools\adb.exe -P 5037 -s emulator-5554 shell dumpsys package io.appium.settings'
[debug] &amp#27;[35m[ADB]&amp#27;[39m 'io.appium.settings' is installed
[debug] &amp#27;[35m[ADB]&amp#27;[39m Getting package info for 'io.appium.settings'
[debug] &amp#27;[35m[ADB]&amp#27;[39m Running 'C:\Users\asifansari\AppData\Local\Android\Sdk\platform-tools\adb.exe -P 5037 -s emulator-5554 shell dumpsys package io.appium.settings'
[debug] &amp#27;[35m[ADB]&amp#27;[39m The version name of the installed 'io.appium.settings' is greater or equal to the application version name ('3.4.0' >= '3.4.0')
[debug] &amp#27;[35m[ADB]&amp#27;[39m There is no need to install/upgrade 'C:\Users\asifansari\AppData\Roaming\npm\node_modules\appium\node_modules\io.appium.settings\apks\settings_apk-debug.apk'
[debug] &amp#27;[35m[ADB]&amp#27;[39m Getting IDs of all 'io.appium.settings' processes
[debug] &amp#27;[35m[ADB]&amp#27;[39m Running 'C:\Users\asifansari\AppData\Local\Android\Sdk\platform-tools\adb.exe -P 5037 -s emulator-5554 shell 'pgrep --help; echo $?''
[debug] &amp#27;[35m[ADB]&amp#27;[39m Running 'C:\Users\asifansari\AppData\Local\Android\Sdk\platform-tools\adb.exe -P 5037 -s emulator-5554 shell pgrep -f \(\[\[:blank:\]\]\|\^\)io\.appium\.settings\(\[\[:blank:\]\]\|\$\)'
[debug] &amp#27;[35m[AndroidDriver]&amp#27;[39m io.appium.settings is already running. There is no need to reset its permissions.
[debug] &amp#27;[35m[Logcat]&amp#27;[39m Starting logs capture with command: C:\\Users\\asifansari\\AppData\\Local\\Android\\Sdk\\platform-tools\\adb.exe -P 5037 -s emulator-5554 logcat -v threadtime
[debug] &amp#27;[35m[UiAutomator2]&amp#27;[39m Forwarding UiAutomator2 Server port 6790 to local port 8200
[debug] &amp#27;[35m[ADB]&amp#27;[39m Forwarding system: 8200 to device: 6790
[debug] &amp#27;[35m[ADB]&amp#27;[39m Running 'C:\Users\asifansari\AppData\Local\Android\Sdk\platform-tools\adb.exe -P 5037 -s emulator-5554 forward tcp:8200 tcp:6790'
[debug] &amp#27;[35m[ADB]&amp#27;[39m Getting install status for io.appium.uiautomator2.server
[debug] &amp#27;[35m[ADB]&amp#27;[39m Running 'C:\Users\asifansari\AppData\Local\Android\Sdk\platform-tools\adb.exe -P 5037 -s emulator-5554 shell dumpsys package io.appium.uiautomator2.server'
[debug] &amp#27;[35m[ADB]&amp#27;[39m 'io.appium.uiautomator2.server' is installed
[debug] &amp#27;[35m[ADB]&amp#27;[39m Getting package info for 'io.appium.uiautomator2.server'
[debug] &amp#27;[35m[ADB]&amp#27;[39m Running 'C:\Users\asifansari\AppData\Local\Android\Sdk\platform-tools\adb.exe -P 5037 -s emulator-5554 shell dumpsys package io.appium.uiautomator2.server'
[debug] &amp#27;[35m[ADB]&amp#27;[39m The version name of the installed 'io.appium.uiautomator2.server' is greater or equal to the application version name ('4.24.0' >= '4.24.0')
[debug] &amp#27;[35m[UiAutomator2]&amp#27;[39m io.appium.uiautomator2.server installation state: sameVersionInstalled
[debug] &amp#27;[35m[ADB]&amp#27;[39m Checking app cert for C:\Users\asifansari\AppData\Roaming\npm\node_modules\appium\node_modules\appium-uiautomator2-server\apks\appium-uiautomator2-server-v4.24.0.apk
&amp#27;[35m[ADB]&amp#27;[39m Using 'apksigner.jar' from 'C:\Users\asifansari\AppData\Local\Android\Sdk\build-tools\31.0.0\lib\apksigner.jar'
[debug] &amp#27;[35m[ADB]&amp#27;[39m Starting apksigner: 'C:\\Program Files\\Java\\jdk-11.0.2\\bin\\java.exe' -Xmx1024M -Xss1m -jar C:\\Users\\asifansari\\AppData\\Local\\Android\\Sdk\\build-tools\\31.0.0\\lib\\apksigner.jar verify --print-certs C:\\Users\\asifansari\\AppData\\Roaming\\npm\\node_modules\\appium\\node_modules\\appium-uiautomator2-server\\apks\\appium-uiautomator2-server-v4.24.0.apk
[debug] &amp#27;[35m[ADB]&amp#27;[39m apksigner stdout: Signer #1 certificate DN: EMAILADDRESS=android@android.com, CN=Android, OU=Android, O=Android, L=Mountain View, ST=California, C=US
[debug] &amp#27;[35m[ADB]&amp#27;[39m Signer #1 certificate SHA-256 digest: a40da80a59d170caa950cf15c18c454d47a39b26989d8b640ecd745ba71bf5dc
[debug] &amp#27;[35m[ADB]&amp#27;[39m Signer #1 certificate SHA-1 digest: 61ed377e85d386a8dfee6b864bd85b0bfaa5af81
[debug] &amp#27;[35m[ADB]&amp#27;[39m Signer #1 certificate MD5 digest: e89b158e4bcf988ebd09eb83f5378e87
[debug] &amp#27;[35m[ADB]&amp#27;[39m 
[debug] &amp#27;[35m[ADB]&amp#27;[39m sha256 hash did match for 'appium-uiautomator2-server-v4.24.0.apk'
&amp#27;[35m[ADB]&amp#27;[39m 'C:\Users\asifansari\AppData\Roaming\npm\node_modules\appium\node_modules\appium-uiautomator2-server\apks\appium-uiautomator2-server-v4.24.0.apk' is signed with the default certificate
[debug] &amp#27;[35m[ADB]&amp#27;[39m Getting install status for io.appium.uiautomator2.server.test
[debug] &amp#27;[35m[ADB]&amp#27;[39m Running 'C:\Users\asifansari\AppData\Local\Android\Sdk\platform-tools\adb.exe -P 5037 -s emulator-5554 shell dumpsys package io.appium.uiautomator2.server.test'
[debug] &amp#27;[35m[ADB]&amp#27;[39m 'io.appium.uiautomator2.server.test' is installed
[debug] &amp#27;[35m[ADB]&amp#27;[39m Checking app cert for C:\Users\asifansari\AppData\Roaming\npm\node_modules\appium\node_modules\appium-uiautomator2-server\apks\appium-uiautomator2-server-debug-androidTest.apk
[debug] &amp#27;[35m[ADB]&amp#27;[39m Starting apksigner: 'C:\\Program Files\\Java\\jdk-11.0.2\\bin\\java.exe' -Xmx1024M -Xss1m -jar C:\\Users\\asifansari\\AppData\\Local\\Android\\Sdk\\build-tools\\31.0.0\\lib\\apksigner.jar verify --print-certs C:\\Users\\asifansari\\AppData\\Roaming\\npm\\node_modules\\appium\\node_modules\\appium-uiautomator2-server\\apks\\appium-uiautomator2-server-debug-androidTest.apk
[debug] &amp#27;[35m[ADB]&amp#27;[39m apksigner stdout: Signer #1 certificate DN: EMAILADDRESS=android@android.com, CN=Android, OU=Android, O=Android, L=Mountain View, ST=California, C=US
[debug] &amp#27;[35m[ADB]&amp#27;[39m Signer #1 certificate SHA-256 digest: a40da80a59d170caa950cf15c18c454d47a39b26989d8b640ecd745ba71bf5dc
[debug] &amp#27;[35m[ADB]&amp#27;[39m Signer #1 certificate SHA-1 digest: 61ed377e85d386a8dfee6b864bd85b0bfaa5af81
[debug] &amp#27;[35m[ADB]&amp#27;[39m Signer #1 certificate MD5 digest: e89b158e4bcf988ebd09eb83f5378e87
[debug] &amp#27;[35m[ADB]&amp#27;[39m 
[debug] &amp#27;[35m[ADB]&amp#27;[39m sha256 hash did match for 'appium-uiautomator2-server-debug-androidTest.apk'
&amp#27;[35m[ADB]&amp#27;[39m 'C:\Users\asifansari\AppData\Roaming\npm\node_modules\appium\node_modules\appium-uiautomator2-server\apks\appium-uiautomator2-server-debug-androidTest.apk' is signed with the default certificate
&amp#27;[35m[UiAutomator2]&amp#27;[39m Server packages are not going to be (re)installed
[debug] &amp#27;[35m[UiAutomator2]&amp#27;[39m Waiting up to 30000ms for services to be available
[debug] &amp#27;[35m[ADB]&amp#27;[39m Running 'C:\Users\asifansari\AppData\Local\Android\Sdk\platform-tools\adb.exe -P 5037 -s emulator-5554 shell pm list instrumentation'
[debug] &amp#27;[35m[UiAutomator2]&amp#27;[39m Instrumentation target 'io.appium.uiautomator2.server.test/androidx.test.runner.AndroidJUnitRunner' is available
&amp#27;[35m[ADB]&amp#27;[39m Adding packages ["io.appium.settings","io.appium.uiautomator2.server","io.appium.uiautomator2.server.test"] to Doze whitelist
[debug] &amp#27;[35m[ADB]&amp#27;[39m Got the following command chunks to execute: [["dumpsys","deviceidle","whitelist","+io.appium.settings",";","dumpsys","deviceidle","whitelist","+io.appium.uiautomator2.server",";","dumpsys","deviceidle","whitelist","+io.appium.uiautomator2.server.test",";"]]
[debug] &amp#27;[35m[ADB]&amp#27;[39m Running 'C:\Users\asifansari\AppData\Local\Android\Sdk\platform-tools\adb.exe -P 5037 -s emulator-5554 shell dumpsys deviceidle whitelist +io.appium.settings ; dumpsys deviceidle whitelist +io.appium.uiautomator2.server ; dumpsys deviceidle whitelist +io.appium.uiautomator2.server.test ;'
[debug] &amp#27;[35m[ADB]&amp#27;[39m Checking app cert for C:\Users\asifansari\eclipse-workspace\MyAppiumMavenAssignment\src\test\resources\MyAPP\ApiDemos-debug.apk
[debug] &amp#27;[35m[ADB]&amp#27;[39m Starting apksigner: 'C:\\Program Files\\Java\\jdk-11.0.2\\bin\\java.exe' -Xmx1024M -Xss1m -jar C:\\Users\\asifansari\\AppData\\Local\\Android\\Sdk\\build-tools\\31.0.0\\lib\\apksigner.jar verify --print-certs C:\\Users\\asifansari\\eclipse-workspace\\MyAppiumMavenAssignment\\src\\test\\resources\\MyAPP\\ApiDemos-debug.apk
[debug] &amp#27;[35m[ADB]&amp#27;[39m apksigner stdout: Signer #1 certificate DN: EMAILADDRESS=android@android.com, CN=Android, OU=Android, O=Android, L=Mountain View, ST=California, C=US
[debug] &amp#27;[35m[ADB]&amp#27;[39m Signer #1 certificate SHA-256 digest: a40da80a59d170caa950cf15c18c454d47a39b26989d8b640ecd745ba71bf5dc
[debug] &amp#27;[35m[ADB]&amp#27;[39m Signer #1 certificate SHA-1 digest: 61ed377e85d386a8dfee6b864bd85b0bfaa5af81
[debug] &amp#27;[35m[ADB]&amp#27;[39m Signer #1 certificate MD5 digest: e89b158e4bcf988ebd09eb83f5378e87
[debug] &amp#27;[35m[ADB]&amp#27;[39m 
[debug] &amp#27;[35m[ADB]&amp#27;[39m sha256 hash did match for 'ApiDemos-debug.apk'
&amp#27;[35m[ADB]&amp#27;[39m 'C:\Users\asifansari\eclipse-workspace\MyAppiumMavenAssignment\src\test\resources\MyAPP\ApiDemos-debug.apk' is signed with the default certificate
[debug] &amp#27;[35m[ADB]&amp#27;[39m Getting install status for io.appium.android.apis
[debug] &amp#27;[35m[ADB]&amp#27;[39m Running 'C:\Users\asifansari\AppData\Local\Android\Sdk\platform-tools\adb.exe -P 5037 -s emulator-5554 shell dumpsys package io.appium.android.apis'
[debug] &amp#27;[35m[ADB]&amp#27;[39m 'io.appium.android.apis' is installed
[debug] &amp#27;[35m[ADB]&amp#27;[39m Getting package info for 'io.appium.android.apis'
[debug] &amp#27;[35m[ADB]&amp#27;[39m Running 'C:\Users\asifansari\AppData\Local\Android\Sdk\platform-tools\adb.exe -P 5037 -s emulator-5554 shell dumpsys package io.appium.android.apis'
&amp#27;[35m[ADB]&amp#27;[39m Cannot read version codes of 'C:\Users\asifansari\eclipse-workspace\MyAppiumMavenAssignment\src\test\resources\MyAPP\ApiDemos-debug.apk' and/or 'io.appium.android.apis'
&amp#27;[35m[ADB]&amp#27;[39m Cannot read version names of 'C:\Users\asifansari\eclipse-workspace\MyAppiumMavenAssignment\src\test\resources\MyAPP\ApiDemos-debug.apk' and/or 'io.appium.android.apis'
[debug] &amp#27;[35m[ADB]&amp#27;[39m The current install state of 'C:\Users\asifansari\eclipse-workspace\MyAppiumMavenAssignment\src\test\resources\MyAPP\ApiDemos-debug.apk' is unknown. Installing anyway
[debug] &amp#27;[35m[ADB]&amp#27;[39m Running 'C:\Users\asifansari\AppData\Local\Android\Sdk\platform-tools\adb.exe -P 5037 -s emulator-5554 help'
[debug] &amp#27;[35m[ADB]&amp#27;[39m Running 'C:\Users\asifansari\AppData\Local\Android\Sdk\platform-tools\adb.exe -P 5037 -s emulator-5554 features'
&amp#27;[35m[ADB]&amp#27;[39m The application at 'C:\Users\asifansari\eclipse-workspace\MyAppiumMavenAssignment\src\test\resources\MyAPP\ApiDemos-debug.apk' will not be cached, because the device under test has confirmed the support of streamed installs
[debug] &amp#27;[35m[ADB]&amp#27;[39m Running 'C:\Users\asifansari\AppData\Local\Android\Sdk\platform-tools\adb.exe -P 5037 -s emulator-5554 install -r C:\Users\asifansari\eclipse-workspace\MyAppiumMavenAssignment\src\test\resources\MyAPP\ApiDemos-debug.apk'
&amp#27;[35m[ADB]&amp#27;[39m The installation of 'ApiDemos-debug.apk' took 796ms
[debug] &amp#27;[35m[ADB]&amp#27;[39m Install command stdout: Performing Streamed Install
[debug] &amp#27;[35m[ADB]&amp#27;[39m Success
&amp#27;[35m[AndroidDriver]&amp#27;[39m Performing fast reset on 'io.appium.android.apis'
[debug] &amp#27;[35m[ADB]&amp#27;[39m Getting install status for io.appium.android.apis
[debug] &amp#27;[35m[ADB]&amp#27;[39m Running 'C:\Users\asifansari\AppData\Local\Android\Sdk\platform-tools\adb.exe -P 5037 -s emulator-5554 shell dumpsys package io.appium.android.apis'
[debug] &amp#27;[35m[ADB]&amp#27;[39m 'io.appium.android.apis' is installed
[debug] &amp#27;[35m[ADB]&amp#27;[39m Running 'C:\Users\asifansari\AppData\Local\Android\Sdk\platform-tools\adb.exe -P 5037 -s emulator-5554 shell am force-stop io.appium.android.apis'
[debug] &amp#27;[35m[ADB]&amp#27;[39m Running 'C:\Users\asifansari\AppData\Local\Android\Sdk\platform-tools\adb.exe -P 5037 -s emulator-5554 shell pm clear io.appium.android.apis'
[debug] &amp#27;[35m[AndroidDriver]&amp#27;[39m Performed fast reset on the installed 'io.appium.android.apis' application (stop and clear)
[debug] &amp#27;[35m[UiAutomator2]&amp#27;[39m Performing shallow cleanup of automation leftovers
[debug] &amp#27;[35m[UiAutomator2]&amp#27;[39m No obsolete sessions have been detected (socket hang up)
[debug] &amp#27;[35m[ADB]&amp#27;[39m Running 'C:\Users\asifansari\AppData\Local\Android\Sdk\platform-tools\adb.exe -P 5037 -s emulator-5554 shell am force-stop io.appium.uiautomator2.server.test'
&amp#27;[35m[UiAutomator2]&amp#27;[39m Starting UIAutomator2 server 4.24.0
&amp#27;[35m[UiAutomator2]&amp#27;[39m Using UIAutomator2 server from 'C:\Users\asifansari\AppData\Roaming\npm\node_modules\appium\node_modules\appium-uiautomator2-server\apks\appium-uiautomator2-server-v4.24.0.apk' and test from 'C:\Users\asifansari\AppData\Roaming\npm\node_modules\appium\node_modules\appium-uiautomator2-server\apks\appium-uiautomator2-server-debug-androidTest.apk'
&amp#27;[35m[UiAutomator2]&amp#27;[39m Waiting up to 30000ms for UiAutomator2 to be online...
[debug] &amp#27;[35m[ADB]&amp#27;[39m Creating ADB subprocess with args: ["-P",5037,"-s","emulator-5554","shell","am","instrument","-w","-e","disableAnalytics",true,"io.appium.uiautomator2.server.test/androidx.test.runner.AndroidJUnitRunner"]
[debug] &amp#27;[35m[WD Proxy]&amp#27;[39m Matched '/status' to command name 'getStatus'
[debug] &amp#27;[35m[WD Proxy]&amp#27;[39m Proxying [GET /status] to [GET http://127.0.0.1:8200/wd/hub/status] with no body
&amp#27;[35m[WD Proxy]&amp#27;[39m socket hang up
[debug] &amp#27;[35m[Instrumentation]&amp#27;[39m io.appium.uiautomator2.server.test.AppiumUiAutomator2Server:
[debug] &amp#27;[35m[WD Proxy]&amp#27;[39m Matched '/status' to command name 'getStatus'
[debug] &amp#27;[35m[WD Proxy]&amp#27;[39m Proxying [GET /status] to [GET http://127.0.0.1:8200/wd/hub/status] with no body
&amp#27;[35m[WD Proxy]&amp#27;[39m socket hang up
[debug] &amp#27;[35m[WD Proxy]&amp#27;[39m Matched '/status' to command name 'getStatus'
[debug] &amp#27;[35m[WD Proxy]&amp#27;[39m Proxying [GET /status] to [GET http://127.0.0.1:8200/wd/hub/status] with no body
[debug] &amp#27;[35m[WD Proxy]&amp#27;[39m Got response with status 200: {"sessionId":"None","value":{"message":"UiAutomator2 Server is ready to accept commands","ready":true}}
[debug] &amp#27;[35m[UiAutomator2]&amp#27;[39m The initialization of the instrumentation process took 2152ms
[debug] &amp#27;[35m[WD Proxy]&amp#27;[39m Matched '/session' to command name 'createSession'
[debug] &amp#27;[35m[WD Proxy]&amp#27;[39m Proxying [POST /session] to [POST http://127.0.0.1:8200/wd/hub/session] with body: {"capabilities":{"firstMatch":[{"platform":"LINUX","webStorageEnabled":false,"takesScreenshot":true,"javascriptEnabled":true,"databaseEnabled":false,"networkConnectionEnabled":true,"locationContextEnabled":false,"warnings":{},"desired":{"platformName":"android","app":"./src/test/resources/MyAPP/ApiDemos-debug.apk","appActivity":".ApiDemos","appPackage":"io.appium.android.apis","deviceName":"Android","platformVersion":"8.1"},"platformName":"android","app":"./src/test/resources/MyAPP/ApiDemos-debug.apk","appActivity":".ApiDemos","appPackage":"io.appium.android.apis","deviceName":"emulator-5554","platformVersion":"8.1","deviceUDID":"emulator-5554"}],"alwaysMatch":{}}}
[debug] &amp#27;[35m[WD Proxy]&amp#27;[39m Got response with status 200: {"sessionId":"26355654-686e-4dc8-abb0-9f03f1d3b4ef","value":{"capabilities":{"firstMatch":[{"platform":"LINUX","webStorageEnabled":false,"takesScreenshot":true,"javascriptEnabled":true,"databaseEnabled":false,"networkConnectionEnabled":true,"locationContextEnabled":false,"warnings":{},"desired":{"platformName":"android","app":"./src/test/resources/MyAPP/ApiDemos-debug.apk","appActivity":".ApiDemos","appPackage":"io.appium.android.apis","deviceName":"Android","platformVersion":"8.1"},"platformName":"android","app":"./src/test/resources/MyAPP/ApiDemos-debug.apk","appActivity":".ApiDemos","appPackage":"io.appium.android.apis","deviceName":"emulator-5554","platformVersion":"8.1","deviceUDID":"emulator-5554"}],"alwaysMatch":{}},"sessionId":"26355654-686e-4dc8-abb0-9f03f1d3b4ef"}}
&amp#27;[35m[WD Proxy]&amp#27;[39m Determined the downstream protocol as 'W3C'
[debug] &amp#27;[35m[WD Proxy]&amp#27;[39m Proxying [GET /appium/device/info] to [GET http://127.0.0.1:8200/wd/hub/session/26355654-686e-4dc8-abb0-9f03f1d3b4ef/appium/device/info] with no body
[debug] &amp#27;[35m[WD Proxy]&amp#27;[39m Got response with status 200: {"sessionId":"26355654-686e-4dc8-abb0-9f03f1d3b4ef","value":{"androidId":"de14fad231487cce","apiVersion":"27","bluetooth":null,"brand":"google","carrierName":"Android","displayDensity":420,"locale":"en_US","manufacturer":"Google","model":"Android SDK built for x86","networks":[{"capabilities":{"SSID":null,"linkDownBandwidthKbps":102400,"linkUpstreamBandwidthKbps":51200,"networkCapabilities":"NET_CAPABILITY_MMS,NET_CAPABILITY_SUPL,NET_CAPABILITY_DUN,NET_CAPABILITY_FOTA,NET_CAPABILITY_IMS,NET_CAPABILITY_CBS,NET_CAPABILITY_IA,NET_CAPABILITY_INTERNET,NET_CAPABILITY_NOT_RESTRICTED,NET_CAPABILITY_TRUSTED,NET_CAPABILITY_NOT_VPN,NET_CAPABILITY_VALIDATED","signalStrength":-2147483648,"transportTypes":"TRANSPORT_CELLULAR"},"detailedState":"CONNECTED","extraInfo":"epc.tmobile.com","isAvailable":true,"isConnected":true,"isFailover":false,"isRoaming":false,"state":"CONNECTED","subtype":13,"subtypeName":"LTE","type":0,"typeName":"MOBILE"},{"capabilities":{"SSID":null,"linkDownBandwidthKbps":1048576,"linkUpstreamBandwidt...
[debug] &amp#27;[35m[ADB]&amp#27;[39m Running 'C:\Users\asifansari\AppData\Local\Android\Sdk\platform-tools\adb.exe -P 5037 -s emulator-5554 shell dumpsys window'
&amp#27;[35m[AndroidDriver]&amp#27;[39m Screen already unlocked, doing nothing
&amp#27;[35m[UiAutomator2]&amp#27;[39m Starting 'io.appium.android.apis/.ApiDemos and waiting for 'io.appium.android.apis/.ApiDemos'
[debug] &amp#27;[35m[ADB]&amp#27;[39m Running 'C:\Users\asifansari\AppData\Local\Android\Sdk\platform-tools\adb.exe -P 5037 -s emulator-5554 shell am start -W -n io.appium.android.apis/.ApiDemos -S -a android.intent.action.MAIN -c android.intent.category.LAUNCHER -f 0x10200000'
[debug] &amp#27;[35m[WD Proxy]&amp#27;[39m Proxying [GET /appium/device/pixel_ratio] to [GET http://127.0.0.1:8200/wd/hub/session/26355654-686e-4dc8-abb0-9f03f1d3b4ef/appium/device/pixel_ratio] with no body
[debug] &amp#27;[35m[WD Proxy]&amp#27;[39m Got response with status 200: {"sessionId":"26355654-686e-4dc8-abb0-9f03f1d3b4ef","value":2.625}
[debug] &amp#27;[35m[WD Proxy]&amp#27;[39m Matched '/appium/device/system_bars' to command name 'getSystemBars'
[debug] &amp#27;[35m[WD Proxy]&amp#27;[39m Proxying [GET /appium/device/system_bars] to [GET http://127.0.0.1:8200/wd/hub/session/26355654-686e-4dc8-abb0-9f03f1d3b4ef/appium/device/system_bars] with no body
[debug] &amp#27;[35m[WD Proxy]&amp#27;[39m Got response with status 200: {"sessionId":"26355654-686e-4dc8-abb0-9f03f1d3b4ef","value":{"statusBar":63}}
[debug] &amp#27;[35m[WD Proxy]&amp#27;[39m Matched '/window/current/size' to command name 'getWindowSize'
[debug] &amp#27;[35m[WD Proxy]&amp#27;[39m Proxying [GET /window/current/size] to [GET http://127.0.0.1:8200/wd/hub/session/26355654-686e-4dc8-abb0-9f03f1d3b4ef/window/current/size] with no body
[debug] &amp#27;[35m[WD Proxy]&amp#27;[39m Got response with status 200: {"sessionId":"26355654-686e-4dc8-abb0-9f03f1d3b4ef","value":{"height":1794,"width":1080}}
&amp#27;[35m[Appium]&amp#27;[39m New AndroidUiautomator2Driver session created successfully, session e6dc9ab1-168e-4e90-b7de-0b2c0502a97b added to master session list
[debug] &amp#27;[35m[BaseDriver]&amp#27;[39m Event 'newSessionStarted' logged at 1640106443907 (22:37:23 GMT+0530 (India Standard Time))
[debug] &amp#27;[35m[W3C (e6dc9ab1)]&amp#27;[39m Cached the protocol value 'W3C' for the new session e6dc9ab1-168e-4e90-b7de-0b2c0502a97b
[debug] &amp#27;[35m[W3C (e6dc9ab1)]&amp#27;[39m Responding to client with driver.createSession() result: {"capabilities":{"platform":"LINUX","webStorageEnabled":false,"takesScreenshot":true,"javascriptEnabled":true,"databaseEnabled":false,"networkConnectionEnabled":true,"locationContextEnabled":false,"warnings":{},"desired":{"platformName":"android","app":"./src/test/resources/MyAPP/ApiDemos-debug.apk","appActivity":".ApiDemos","appPackage":"io.appium.android.apis","deviceName":"Android","platformVersion":"8.1"},"platformName":"android","app":"./src/test/resources/MyAPP/ApiDemos-debug.apk","appActivity":".ApiDemos","appPackage":"io.appium.android.apis","deviceName":"emulator-5554","platformVersion":"8.1.0","deviceUDID":"emulator-5554","deviceApiLevel":27,"deviceScreenSize":"1080x1920","deviceScreenDensity":420,"deviceModel":"Android SDK built for x86","deviceManufacturer":"Google","pixelRatio":2.625,"statBarHeight":63,"viewportRect":{"left":0,"top":63,"width":1080,"height":1731}}}
&amp#27;[35m[HTTP]&amp#27;[39m &amp#27;[37m<-- POST /wd/hub/session &amp#27;[39m&amp#27;[32m200&amp#27;[39m &amp#27;[90m8784 ms - 951&amp#27;[39m
&amp#27;[35m[HTTP]&amp#27;[39m &amp#27;[90m&amp#27;[39m
&amp#27;[35m[HTTP]&amp#27;[39m &amp#27;[37m-->&amp#27;[39m &amp#27;[37mGET&amp#27;[39m &amp#27;[37m/wd/hub/session/e6dc9ab1-168e-4e90-b7de-0b2c0502a97b&amp#27;[39m
&amp#27;[35m[HTTP]&amp#27;[39m &amp#27;[90m{}&amp#27;[39m
[debug] &amp#27;[35m[W3C (e6dc9ab1)]&amp#27;[39m Calling AppiumDriver.getSession() with args: ["e6dc9ab1-168e-4e90-b7de-0b2c0502a97b"]
[debug] &amp#27;[35m[UiAutomator2]&amp#27;[39m Getting session details from server to mix in
[debug] &amp#27;[35m[WD Proxy]&amp#27;[39m Matched '/' to command name 'getSession'
[debug] &amp#27;[35m[WD Proxy]&amp#27;[39m Proxying [GET /] to [GET http://127.0.0.1:8200/wd/hub/session/26355654-686e-4dc8-abb0-9f03f1d3b4ef] with no body
[debug] &amp#27;[35m[WD Proxy]&amp#27;[39m Got response with status 200: {"sessionId":"26355654-686e-4dc8-abb0-9f03f1d3b4ef","value":{"lastScrollData":null}}
[debug] &amp#27;[35m[W3C (e6dc9ab1)]&amp#27;[39m Responding to client with driver.getSession() result: {"platform":"LINUX","webStorageEnabled":false,"takesScreenshot":true,"javascriptEnabled":true,"databaseEnabled":false,"networkConnectionEnabled":true,"locationContextEnabled":false,"warnings":{},"desired":{"platformName":"android","app":"./src/test/resources/MyAPP/ApiDemos-debug.apk","appActivity":".ApiDemos","appPackage":"io.appium.android.apis","deviceName":"Android","platformVersion":"8.1"},"platformName":"android","app":"./src/test/resources/MyAPP/ApiDemos-debug.apk","appActivity":".ApiDemos","appPackage":"io.appium.android.apis","deviceName":"emulator-5554","platformVersion":"8.1.0","deviceUDID":"emulator-5554","deviceApiLevel":27,"deviceScreenSize":"1080x1920","deviceScreenDensity":420,"deviceModel":"Android SDK built for x86","deviceManufacturer":"Google","pixelRatio":2.625,"statBarHeight":63,"viewportRect":{"left":0,"top":63,"width":1080,"height":1731},"lastScrollData":null}
&amp#27;[35m[HTTP]&amp#27;[39m &amp#27;[37m<-- GET /wd/hub/session/e6dc9ab1-168e-4e90-b7de-0b2c0502a97b &amp#27;[39m&amp#27;[32m200&amp#27;[39m &amp#27;[90m24 ms - 905&amp#27;[39m
&amp#27;[35m[HTTP]&amp#27;[39m &amp#27;[90m&amp#27;[39m
&amp#27;[35m[HTTP]&amp#27;[39m &amp#27;[37m-->&amp#27;[39m &amp#27;[37mGET&amp#27;[39m &amp#27;[37m/wd/hub/session/e6dc9ab1-168e-4e90-b7de-0b2c0502a97b&amp#27;[39m
&amp#27;[35m[HTTP]&amp#27;[39m &amp#27;[90m{}&amp#27;[39m
[debug] &amp#27;[35m[W3C (e6dc9ab1)]&amp#27;[39m Calling AppiumDriver.getSession() with args: ["e6dc9ab1-168e-4e90-b7de-0b2c0502a97b"]
[debug] &amp#27;[35m[UiAutomator2]&amp#27;[39m Getting session details from server to mix in
[debug] &amp#27;[35m[WD Proxy]&amp#27;[39m Matched '/' to command name 'getSession'
[debug] &amp#27;[35m[WD Proxy]&amp#27;[39m Proxying [GET /] to [GET http://127.0.0.1:8200/wd/hub/session/26355654-686e-4dc8-abb0-9f03f1d3b4ef] with no body
[debug] &amp#27;[35m[WD Proxy]&amp#27;[39m Got response with status 200: {"sessionId":"26355654-686e-4dc8-abb0-9f03f1d3b4ef","value":{"lastScrollData":null}}
[debug] &amp#27;[35m[W3C (e6dc9ab1)]&amp#27;[39m Responding to client with driver.getSession() result: {"platform":"LINUX","webStorageEnabled":false,"takesScreenshot":true,"javascriptEnabled":true,"databaseEnabled":false,"networkConnectionEnabled":true,"locationContextEnabled":false,"warnings":{},"desired":{"platformName":"android","app":"./src/test/resources/MyAPP/ApiDemos-debug.apk","appActivity":".ApiDemos","appPackage":"io.appium.android.apis","deviceName":"Android","platformVersion":"8.1"},"platformName":"android","app":"./src/test/resources/MyAPP/ApiDemos-debug.apk","appActivity":".ApiDemos","appPackage":"io.appium.android.apis","deviceName":"emulator-5554","platformVersion":"8.1.0","deviceUDID":"emulator-5554","deviceApiLevel":27,"deviceScreenSize":"1080x1920","deviceScreenDensity":420,"deviceModel":"Android SDK built for x86","deviceManufacturer":"Google","pixelRatio":2.625,"statBarHeight":63,"viewportRect":{"left":0,"top":63,"width":1080,"height":1731},"lastScrollData":null}
&amp#27;[35m[HTTP]&amp#27;[39m &amp#27;[37m<-- GET /wd/hub/session/e6dc9ab1-168e-4e90-b7de-0b2c0502a97b &amp#27;[39m&amp#27;[32m200&amp#27;[39m &amp#27;[90m26 ms - 905&amp#27;[39m
&amp#27;[35m[HTTP]&amp#27;[39m &amp#27;[90m&amp#27;[39m
&amp#27;[35m[HTTP]&amp#27;[39m &amp#27;[37m-->&amp#27;[39m &amp#27;[37mPOST&amp#27;[39m &amp#27;[37m/wd/hub/session/e6dc9ab1-168e-4e90-b7de-0b2c0502a97b/timeouts&amp#27;[39m
&amp#27;[35m[HTTP]&amp#27;[39m &amp#27;[90m{"implicit":120000}&amp#27;[39m
[debug] &amp#27;[35m[W3C (e6dc9ab1)]&amp#27;[39m Calling AppiumDriver.timeouts() with args: [null,null,null,null,120000,"e6dc9ab1-168e-4e90-b7de-0b2c0502a97b"]
[debug] &amp#27;[35m[BaseDriver]&amp#27;[39m W3C timeout argument: {"implicit":120000}}
[debug] &amp#27;[35m[BaseDriver]&amp#27;[39m Set implicit wait to 120000ms
[debug] &amp#27;[35m[W3C (e6dc9ab1)]&amp#27;[39m Responding to client with driver.timeouts() result: null
&amp#27;[35m[HTTP]&amp#27;[39m &amp#27;[37m<-- POST /wd/hub/session/e6dc9ab1-168e-4e90-b7de-0b2c0502a97b/timeouts &amp#27;[39m&amp#27;[32m200&amp#27;[39m &amp#27;[90m5 ms - 14&amp#27;[39m
&amp#27;[35m[HTTP]&amp#27;[39m &amp#27;[90m&amp#27;[39m
****Now user is inside the application *****
[INFO ] 2021-12-21 22:37:24.918 [main] AnimationFuncSteps - #~#~#~ Application has open to run a new test ~#~#~#
&amp#27;[35m[HTTP]&amp#27;[39m &amp#27;[37m-->&amp#27;[39m &amp#27;[37mGET&amp#27;[39m &amp#27;[37m/wd/hub/session/e6dc9ab1-168e-4e90-b7de-0b2c0502a97b&amp#27;[39m
&amp#27;[35m[HTTP]&amp#27;[39m &amp#27;[90m{}&amp#27;[39m
[debug] &amp#27;[35m[W3C (e6dc9ab1)]&amp#27;[39m Calling AppiumDriver.getSession() with args: ["e6dc9ab1-168e-4e90-b7de-0b2c0502a97b"]
[debug] &amp#27;[35m[UiAutomator2]&amp#27;[39m Getting session details from server to mix in
[debug] &amp#27;[35m[WD Proxy]&amp#27;[39m Matched '/' to command name 'getSession'
[debug] &amp#27;[35m[WD Proxy]&amp#27;[39m Proxying [GET /] to [GET http://127.0.0.1:8200/wd/hub/session/26355654-686e-4dc8-abb0-9f03f1d3b4ef] with no body
[debug] &amp#27;[35m[WD Proxy]&amp#27;[39m Got response with status 200: {"sessionId":"26355654-686e-4dc8-abb0-9f03f1d3b4ef","value":{"lastScrollData":null}}
[debug] &amp#27;[35m[W3C (e6dc9ab1)]&amp#27;[39m Responding to client with driver.getSession() result: {"platform":"LINUX","webStorageEnabled":false,"takesScreenshot":true,"javascriptEnabled":true,"databaseEnabled":false,"networkConnectionEnabled":true,"locationContextEnabled":false,"warnings":{},"desired":{"platformName":"android","app":"./src/test/resources/MyAPP/ApiDemos-debug.apk","appActivity":".ApiDemos","appPackage":"io.appium.android.apis","deviceName":"Android","platformVersion":"8.1"},"platformName":"android","app":"./src/test/resources/MyAPP/ApiDemos-debug.apk","appActivity":".ApiDemos","appPackage":"io.appium.android.apis","deviceName":"emulator-5554","platformVersion":"8.1.0","deviceUDID":"emulator-5554","deviceApiLevel":27,"deviceScreenSize":"1080x1920","deviceScreenDensity":420,"deviceModel":"Android SDK built for x86","deviceManufacturer":"Google","pixelRatio":2.625,"statBarHeight":63,"viewportRect":{"left":0,"top":63,"width":1080,"height":1731},"lastScrollData":null}
&amp#27;[35m[HTTP]&amp#27;[39m &amp#27;[37m<-- GET /wd/hub/session/e6dc9ab1-168e-4e90-b7de-0b2c0502a97b &amp#27;[39m&amp#27;[32m200&amp#27;[39m &amp#27;[90m16 ms - 905&amp#27;[39m
&amp#27;[35m[HTTP]&amp#27;[39m &amp#27;[90m&amp#27;[39m
&amp#27;[35m[HTTP]&amp#27;[39m &amp#27;[37m-->&amp#27;[39m &amp#27;[37mGET&amp#27;[39m &amp#27;[37m/wd/hub/session/e6dc9ab1-168e-4e90-b7de-0b2c0502a97b&amp#27;[39m
&amp#27;[35m[HTTP]&amp#27;[39m &amp#27;[90m{}&amp#27;[39m
[debug] &amp#27;[35m[W3C (e6dc9ab1)]&amp#27;[39m Calling AppiumDriver.getSession() with args: ["e6dc9ab1-168e-4e90-b7de-0b2c0502a97b"]
[debug] &amp#27;[35m[UiAutomator2]&amp#27;[39m Getting session details from server to mix in
[debug] &amp#27;[35m[WD Proxy]&amp#27;[39m Matched '/' to command name 'getSession'
[debug] &amp#27;[35m[WD Proxy]&amp#27;[39m Proxying [GET /] to [GET http://127.0.0.1:8200/wd/hub/session/26355654-686e-4dc8-abb0-9f03f1d3b4ef] with no body
[debug] &amp#27;[35m[WD Proxy]&amp#27;[39m Got response with status 200: {"sessionId":"26355654-686e-4dc8-abb0-9f03f1d3b4ef","value":{"lastScrollData":null}}
[debug] &amp#27;[35m[W3C (e6dc9ab1)]&amp#27;[39m Responding to client with driver.getSession() result: {"platform":"LINUX","webStorageEnabled":false,"takesScreenshot":true,"javascriptEnabled":true,"databaseEnabled":false,"networkConnectionEnabled":true,"locationContextEnabled":false,"warnings":{},"desired":{"platformName":"android","app":"./src/test/resources/MyAPP/ApiDemos-debug.apk","appActivity":".ApiDemos","appPackage":"io.appium.android.apis","deviceName":"Android","platformVersion":"8.1"},"platformName":"android","app":"./src/test/resources/MyAPP/ApiDemos-debug.apk","appActivity":".ApiDemos","appPackage":"io.appium.android.apis","deviceName":"emulator-5554","platformVersion":"8.1.0","deviceUDID":"emulator-5554","deviceApiLevel":27,"deviceScreenSize":"1080x1920","deviceScreenDensity":420,"deviceModel":"Android SDK built for x86","deviceManufacturer":"Google","pixelRatio":2.625,"statBarHeight":63,"viewportRect":{"left":0,"top":63,"width":1080,"height":1731},"lastScrollData":null}
&amp#27;[35m[HTTP]&amp#27;[39m &amp#27;[37m<-- GET /wd/hub/session/e6dc9ab1-168e-4e90-b7de-0b2c0502a97b &amp#27;[39m&amp#27;[32m200&amp#27;[39m &amp#27;[90m14 ms - 905&amp#27;[39m
&amp#27;[35m[HTTP]&amp#27;[39m &amp#27;[90m&amp#27;[39m
&amp#27;[35m[HTTP]&amp#27;[39m &amp#27;[37m-->&amp#27;[39m &amp#27;[37mGET&amp#27;[39m &amp#27;[37m/wd/hub/session/e6dc9ab1-168e-4e90-b7de-0b2c0502a97b&amp#27;[39m
&amp#27;[35m[HTTP]&amp#27;[39m &amp#27;[90m{}&amp#27;[39m
[debug] &amp#27;[35m[W3C (e6dc9ab1)]&amp#27;[39m Calling AppiumDriver.getSession() with args: ["e6dc9ab1-168e-4e90-b7de-0b2c0502a97b"]
[debug] &amp#27;[35m[UiAutomator2]&amp#27;[39m Getting session details from server to mix in
[debug] &amp#27;[35m[WD Proxy]&amp#27;[39m Matched '/' to command name 'getSession'
[debug] &amp#27;[35m[WD Proxy]&amp#27;[39m Proxying [GET /] to [GET http://127.0.0.1:8200/wd/hub/session/26355654-686e-4dc8-abb0-9f03f1d3b4ef] with no body
[debug] &amp#27;[35m[WD Proxy]&amp#27;[39m Got response with status 200: {"sessionId":"26355654-686e-4dc8-abb0-9f03f1d3b4ef","value":{"lastScrollData":null}}
[debug] &amp#27;[35m[W3C (e6dc9ab1)]&amp#27;[39m Responding to client with driver.getSession() result: {"platform":"LINUX","webStorageEnabled":false,"takesScreenshot":true,"javascriptEnabled":true,"databaseEnabled":false,"networkConnectionEnabled":true,"locationContextEnabled":false,"warnings":{},"desired":{"platformName":"android","app":"./src/test/resources/MyAPP/ApiDemos-debug.apk","appActivity":".ApiDemos","appPackage":"io.appium.android.apis","deviceName":"Android","platformVersion":"8.1"},"platformName":"android","app":"./src/test/resources/MyAPP/ApiDemos-debug.apk","appActivity":".ApiDemos","appPackage":"io.appium.android.apis","deviceName":"emulator-5554","platformVersion":"8.1.0","deviceUDID":"emulator-5554","deviceApiLevel":27,"deviceScreenSize":"1080x1920","deviceScreenDensity":420,"deviceModel":"Android SDK built for x86","deviceManufacturer":"Google","pixelRatio":2.625,"statBarHeight":63,"viewportRect":{"left":0,"top":63,"width":1080,"height":1731},"lastScrollData":null}
&amp#27;[35m[HTTP]&amp#27;[39m &amp#27;[37m<-- GET /wd/hub/session/e6dc9ab1-168e-4e90-b7de-0b2c0502a97b &amp#27;[39m&amp#27;[32m200&amp#27;[39m &amp#27;[90m18 ms - 905&amp#27;[39m
&amp#27;[35m[HTTP]&amp#27;[39m &amp#27;[90m&amp#27;[39m
&amp#27;[35m[HTTP]&amp#27;[39m &amp#27;[37m-->&amp#27;[39m &amp#27;[37mPOST&amp#27;[39m &amp#27;[37m/wd/hub/session/e6dc9ab1-168e-4e90-b7de-0b2c0502a97b/element&amp#27;[39m
&amp#27;[35m[HTTP]&amp#27;[39m &amp#27;[90m{"using":"accessibility id","value":"App"}&amp#27;[39m
[debug] &amp#27;[35m[W3C (e6dc9ab1)]&amp#27;[39m Calling AppiumDriver.findElement() with args: ["accessibility id","App","e6dc9ab1-168e-4e90-b7de-0b2c0502a97b"]
[debug] &amp#27;[35m[BaseDriver]&amp#27;[39m Valid locator strategies for this request: xpath, id, class name, accessibility id, css selector, -android uiautomator
[debug] &amp#27;[35m[BaseDriver]&amp#27;[39m Waiting up to 120000 ms for condition
[debug] &amp#27;[35m[WD Proxy]&amp#27;[39m Matched '/element' to command name 'findElement'
[debug] &amp#27;[35m[WD Proxy]&amp#27;[39m Proxying [POST /element] to [POST http://127.0.0.1:8200/wd/hub/session/26355654-686e-4dc8-abb0-9f03f1d3b4ef/element] with body: {"strategy":"accessibility id","selector":"App","context":"","multiple":false}
[debug] &amp#27;[35m[WD Proxy]&amp#27;[39m Got response with status 200: {"sessionId":"26355654-686e-4dc8-abb0-9f03f1d3b4ef","value":{"ELEMENT":"00000000-0000-028f-ffff-ffff00000009","element-6066-11e4-a52e-4f735466cecf":"00000000-0000-028f-ffff-ffff00000009"}}
[debug] &amp#27;[35m[W3C (e6dc9ab1)]&amp#27;[39m Responding to client with driver.findElement() result: {"element-6066-11e4-a52e-4f735466cecf":"00000000-0000-028f-ffff-ffff00000009","ELEMENT":"00000000-0000-028f-ffff-ffff00000009"}
&amp#27;[35m[HTTP]&amp#27;[39m &amp#27;[37m<-- POST /wd/hub/session/e6dc9ab1-168e-4e90-b7de-0b2c0502a97b/element &amp#27;[39m&amp#27;[32m200&amp#27;[39m &amp#27;[90m103 ms - 137&amp#27;[39m
&amp#27;[35m[HTTP]&amp#27;[39m &amp#27;[90m&amp#27;[39m
&amp#27;[35m[HTTP]&amp#27;[39m &amp#27;[37m-->&amp#27;[39m &amp#27;[37mPOST&amp#27;[39m &amp#27;[37m/wd/hub/session/e6dc9ab1-168e-4e90-b7de-0b2c0502a97b/element/00000000-0000-028f-ffff-ffff00000009/click&amp#27;[39m
&amp#27;[35m[HTTP]&amp#27;[39m &amp#27;[90m{"id":"00000000-0000-028f-ffff-ffff00000009"}&amp#27;[39m
[debug] &amp#27;[35m[W3C (e6dc9ab1)]&amp#27;[39m Calling AppiumDriver.click() with args: ["00000000-0000-028f-ffff-ffff00000009","e6dc9ab1-168e-4e90-b7de-0b2c0502a97b"]
[debug] &amp#27;[35m[WD Proxy]&amp#27;[39m Matched '/element/00000000-0000-028f-ffff-ffff00000009/click' to command name 'click'
[debug] &amp#27;[35m[WD Proxy]&amp#27;[39m Proxying [POST /element/00000000-0000-028f-ffff-ffff00000009/click] to [POST http://127.0.0.1:8200/wd/hub/session/26355654-686e-4dc8-abb0-9f03f1d3b4ef/element/00000000-0000-028f-ffff-ffff00000009/click] with body: {"element":"00000000-0000-028f-ffff-ffff00000009"}
[debug] &amp#27;[35m[WD Proxy]&amp#27;[39m Got response with status 200: {"sessionId":"26355654-686e-4dc8-abb0-9f03f1d3b4ef","value":null}
[debug] &amp#27;[35m[W3C (e6dc9ab1)]&amp#27;[39m Responding to client with driver.click() result: null
&amp#27;[35m[HTTP]&amp#27;[39m &amp#27;[37m<-- POST /wd/hub/session/e6dc9ab1-168e-4e90-b7de-0b2c0502a97b/element/00000000-0000-028f-ffff-ffff00000009/click &amp#27;[39m&amp#27;[32m200&amp#27;[39m &amp#27;[90m1384 ms - 14&amp#27;[39m
&amp#27;[35m[HTTP]&amp#27;[39m &amp#27;[90m&amp#27;[39m
[INFO ] 2021-12-21 22:37:26.729 [main] DisplayTitleSteps - User has entered into the App section
&amp#27;[35m[HTTP]&amp#27;[39m &amp#27;[37m-->&amp#27;[39m &amp#27;[37mGET&amp#27;[39m &amp#27;[37m/wd/hub/session/e6dc9ab1-168e-4e90-b7de-0b2c0502a97b&amp#27;[39m
&amp#27;[35m[HTTP]&amp#27;[39m &amp#27;[90m{}&amp#27;[39m
[debug] &amp#27;[35m[W3C (e6dc9ab1)]&amp#27;[39m Calling AppiumDriver.getSession() with args: ["e6dc9ab1-168e-4e90-b7de-0b2c0502a97b"]
[debug] &amp#27;[35m[UiAutomator2]&amp#27;[39m Getting session details from server to mix in
[debug] &amp#27;[35m[WD Proxy]&amp#27;[39m Matched '/' to command name 'getSession'
[debug] &amp#27;[35m[WD Proxy]&amp#27;[39m Proxying [GET /] to [GET http://127.0.0.1:8200/wd/hub/session/26355654-686e-4dc8-abb0-9f03f1d3b4ef] with no body
[debug] &amp#27;[35m[WD Proxy]&amp#27;[39m Got response with status 200: {"sessionId":"26355654-686e-4dc8-abb0-9f03f1d3b4ef","value":{"lastScrollData":null}}
[debug] &amp#27;[35m[W3C (e6dc9ab1)]&amp#27;[39m Responding to client with driver.getSession() result: {"platform":"LINUX","webStorageEnabled":false,"takesScreenshot":true,"javascriptEnabled":true,"databaseEnabled":false,"networkConnectionEnabled":true,"locationContextEnabled":false,"warnings":{},"desired":{"platformName":"android","app":"./src/test/resources/MyAPP/ApiDemos-debug.apk","appActivity":".ApiDemos","appPackage":"io.appium.android.apis","deviceName":"Android","platformVersion":"8.1"},"platformName":"android","app":"./src/test/resources/MyAPP/ApiDemos-debug.apk","appActivity":".ApiDemos","appPackage":"io.appium.android.apis","deviceName":"emulator-5554","platformVersion":"8.1.0","deviceUDID":"emulator-5554","deviceApiLevel":27,"deviceScreenSize":"1080x1920","deviceScreenDensity":420,"deviceModel":"Android SDK built for x86","deviceManufacturer":"Google","pixelRatio":2.625,"statBarHeight":63,"viewportRect":{"left":0,"top":63,"width":1080,"height":1731},"lastScrollData":null}
&amp#27;[35m[HTTP]&amp#27;[39m &amp#27;[37m<-- GET /wd/hub/session/e6dc9ab1-168e-4e90-b7de-0b2c0502a97b &amp#27;[39m&amp#27;[32m200&amp#27;[39m &amp#27;[90m49 ms - 905&amp#27;[39m
&amp#27;[35m[HTTP]&amp#27;[39m &amp#27;[90m&amp#27;[39m
&amp#27;[35m[HTTP]&amp#27;[39m &amp#27;[37m-->&amp#27;[39m &amp#27;[37mGET&amp#27;[39m &amp#27;[37m/wd/hub/session/e6dc9ab1-168e-4e90-b7de-0b2c0502a97b&amp#27;[39m
&amp#27;[35m[HTTP]&amp#27;[39m &amp#27;[90m{}&amp#27;[39m
[debug] &amp#27;[35m[W3C (e6dc9ab1)]&amp#27;[39m Calling AppiumDriver.getSession() with args: ["e6dc9ab1-168e-4e90-b7de-0b2c0502a97b"]
[debug] &amp#27;[35m[UiAutomator2]&amp#27;[39m Getting session details from server to mix in
[debug] &amp#27;[35m[WD Proxy]&amp#27;[39m Matched '/' to command name 'getSession'
[debug] &amp#27;[35m[WD Proxy]&amp#27;[39m Proxying [GET /] to [GET http://127.0.0.1:8200/wd/hub/session/26355654-686e-4dc8-abb0-9f03f1d3b4ef] with no body
[debug] &amp#27;[35m[WD Proxy]&amp#27;[39m Got response with status 200: {"sessionId":"26355654-686e-4dc8-abb0-9f03f1d3b4ef","value":{"lastScrollData":null}}
[debug] &amp#27;[35m[W3C (e6dc9ab1)]&amp#27;[39m Responding to client with driver.getSession() result: {"platform":"LINUX","webStorageEnabled":false,"takesScreenshot":true,"javascriptEnabled":true,"databaseEnabled":false,"networkConnectionEnabled":true,"locationContextEnabled":false,"warnings":{},"desired":{"platformName":"android","app":"./src/test/resources/MyAPP/ApiDemos-debug.apk","appActivity":".ApiDemos","appPackage":"io.appium.android.apis","deviceName":"Android","platformVersion":"8.1"},"platformName":"android","app":"./src/test/resources/MyAPP/ApiDemos-debug.apk","appActivity":".ApiDemos","appPackage":"io.appium.android.apis","deviceName":"emulator-5554","platformVersion":"8.1.0","deviceUDID":"emulator-5554","deviceApiLevel":27,"deviceScreenSize":"1080x1920","deviceScreenDensity":420,"deviceModel":"Android SDK built for x86","deviceManufacturer":"Google","pixelRatio":2.625,"statBarHeight":63,"viewportRect":{"left":0,"top":63,"width":1080,"height":1731},"lastScrollData":null}
&amp#27;[35m[HTTP]&amp#27;[39m &amp#27;[37m<-- GET /wd/hub/session/e6dc9ab1-168e-4e90-b7de-0b2c0502a97b &amp#27;[39m&amp#27;[32m200&amp#27;[39m &amp#27;[90m17 ms - 905&amp#27;[39m
&amp#27;[35m[HTTP]&amp#27;[39m &amp#27;[90m&amp#27;[39m
&amp#27;[35m[HTTP]&amp#27;[39m &amp#27;[37m-->&amp#27;[39m &amp#27;[37mGET&amp#27;[39m &amp#27;[37m/wd/hub/session/e6dc9ab1-168e-4e90-b7de-0b2c0502a97b&amp#27;[39m
&amp#27;[35m[HTTP]&amp#27;[39m &amp#27;[90m{}&amp#27;[39m
[debug] &amp#27;[35m[W3C (e6dc9ab1)]&amp#27;[39m Calling AppiumDriver.getSession() with args: ["e6dc9ab1-168e-4e90-b7de-0b2c0502a97b"]
[debug] &amp#27;[35m[UiAutomator2]&amp#27;[39m Getting session details from server to mix in
[debug] &amp#27;[35m[WD Proxy]&amp#27;[39m Matched '/' to command name 'getSession'
[debug] &amp#27;[35m[WD Proxy]&amp#27;[39m Proxying [GET /] to [GET http://127.0.0.1:8200/wd/hub/session/26355654-686e-4dc8-abb0-9f03f1d3b4ef] with no body
[debug] &amp#27;[35m[WD Proxy]&amp#27;[39m Got response with status 200: {"sessionId":"26355654-686e-4dc8-abb0-9f03f1d3b4ef","value":{"lastScrollData":null}}
[debug] &amp#27;[35m[W3C (e6dc9ab1)]&amp#27;[39m Responding to client with driver.getSession() result: {"platform":"LINUX","webStorageEnabled":false,"takesScreenshot":true,"javascriptEnabled":true,"databaseEnabled":false,"networkConnectionEnabled":true,"locationContextEnabled":false,"warnings":{},"desired":{"platformName":"android","app":"./src/test/resources/MyAPP/ApiDemos-debug.apk","appActivity":".ApiDemos","appPackage":"io.appium.android.apis","deviceName":"Android","platformVersion":"8.1"},"platformName":"android","app":"./src/test/resources/MyAPP/ApiDemos-debug.apk","appActivity":".ApiDemos","appPackage":"io.appium.android.apis","deviceName":"emulator-5554","platformVersion":"8.1.0","deviceUDID":"emulator-5554","deviceApiLevel":27,"deviceScreenSize":"1080x1920","deviceScreenDensity":420,"deviceModel":"Android SDK built for x86","deviceManufacturer":"Google","pixelRatio":2.625,"statBarHeight":63,"viewportRect":{"left":0,"top":63,"width":1080,"height":1731},"lastScrollData":null}
&amp#27;[35m[HTTP]&amp#27;[39m &amp#27;[37m<-- GET /wd/hub/session/e6dc9ab1-168e-4e90-b7de-0b2c0502a97b &amp#27;[39m&amp#27;[32m200&amp#27;[39m &amp#27;[90m11 ms - 905&amp#27;[39m
&amp#27;[35m[HTTP]&amp#27;[39m &amp#27;[90m&amp#27;[39m
&amp#27;[35m[HTTP]&amp#27;[39m &amp#27;[37m-->&amp#27;[39m &amp#27;[37mPOST&amp#27;[39m &amp#27;[37m/wd/hub/session/e6dc9ab1-168e-4e90-b7de-0b2c0502a97b/element&amp#27;[39m
&amp#27;[35m[HTTP]&amp#27;[39m &amp#27;[90m{"using":"accessibility id","value":"Action Bar"}&amp#27;[39m
[debug] &amp#27;[35m[W3C (e6dc9ab1)]&amp#27;[39m Calling AppiumDriver.findElement() with args: ["accessibility id","Action Bar","e6dc9ab1-168e-4e90-b7de-0b2c0502a97b"]
[debug] &amp#27;[35m[BaseDriver]&amp#27;[39m Valid locator strategies for this request: xpath, id, class name, accessibility id, css selector, -android uiautomator
[debug] &amp#27;[35m[BaseDriver]&amp#27;[39m Waiting up to 120000 ms for condition
[debug] &amp#27;[35m[WD Proxy]&amp#27;[39m Matched '/element' to command name 'findElement'
[debug] &amp#27;[35m[WD Proxy]&amp#27;[39m Proxying [POST /element] to [POST http://127.0.0.1:8200/wd/hub/session/26355654-686e-4dc8-abb0-9f03f1d3b4ef/element] with body: {"strategy":"accessibility id","selector":"Action Bar","context":"","multiple":false}
[debug] &amp#27;[35m[WD Proxy]&amp#27;[39m Got response with status 200: {"sessionId":"26355654-686e-4dc8-abb0-9f03f1d3b4ef","value":{"ELEMENT":"00000000-0000-0290-ffff-ffff00000017","element-6066-11e4-a52e-4f735466cecf":"00000000-0000-0290-ffff-ffff00000017"}}
[debug] &amp#27;[35m[W3C (e6dc9ab1)]&amp#27;[39m Responding to client with driver.findElement() result: {"element-6066-11e4-a52e-4f735466cecf":"00000000-0000-0290-ffff-ffff00000017","ELEMENT":"00000000-0000-0290-ffff-ffff00000017"}
&amp#27;[35m[HTTP]&amp#27;[39m &amp#27;[37m<-- POST /wd/hub/session/e6dc9ab1-168e-4e90-b7de-0b2c0502a97b/element &amp#27;[39m&amp#27;[32m200&amp#27;[39m &amp#27;[90m35 ms - 137&amp#27;[39m
&amp#27;[35m[HTTP]&amp#27;[39m &amp#27;[90m&amp#27;[39m
&amp#27;[35m[HTTP]&amp#27;[39m &amp#27;[37m-->&amp#27;[39m &amp#27;[37mPOST&amp#27;[39m &amp#27;[37m/wd/hub/session/e6dc9ab1-168e-4e90-b7de-0b2c0502a97b/element/00000000-0000-0290-ffff-ffff00000017/click&amp#27;[39m
&amp#27;[35m[HTTP]&amp#27;[39m &amp#27;[90m{"id":"00000000-0000-0290-ffff-ffff00000017"}&amp#27;[39m
[debug] &amp#27;[35m[W3C (e6dc9ab1)]&amp#27;[39m Calling AppiumDriver.click() with args: ["00000000-0000-0290-ffff-ffff00000017","e6dc9ab1-168e-4e90-b7de-0b2c0502a97b"]
[debug] &amp#27;[35m[WD Proxy]&amp#27;[39m Matched '/element/00000000-0000-0290-ffff-ffff00000017/click' to command name 'click'
[debug] &amp#27;[35m[WD Proxy]&amp#27;[39m Proxying [POST /element/00000000-0000-0290-ffff-ffff00000017/click] to [POST http://127.0.0.1:8200/wd/hub/session/26355654-686e-4dc8-abb0-9f03f1d3b4ef/element/00000000-0000-0290-ffff-ffff00000017/click] with body: {"element":"00000000-0000-0290-ffff-ffff00000017"}
[debug] &amp#27;[35m[WD Proxy]&amp#27;[39m Got response with status 200: {"sessionId":"26355654-686e-4dc8-abb0-9f03f1d3b4ef","value":null}
[debug] &amp#27;[35m[W3C (e6dc9ab1)]&amp#27;[39m Responding to client with driver.click() result: null
&amp#27;[35m[HTTP]&amp#27;[39m &amp#27;[37m<-- POST /wd/hub/session/e6dc9ab1-168e-4e90-b7de-0b2c0502a97b/element/00000000-0000-0290-ffff-ffff00000017/click &amp#27;[39m&amp#27;[32m200&amp#27;[39m &amp#27;[90m26 ms - 14&amp#27;[39m
&amp#27;[35m[HTTP]&amp#27;[39m &amp#27;[90m&amp#27;[39m
[INFO ] 2021-12-21 22:37:26.929 [main] DisplayTitleSteps - Tap on the Action Bar option has done
&amp#27;[35m[HTTP]&amp#27;[39m &amp#27;[37m-->&amp#27;[39m &amp#27;[37mGET&amp#27;[39m &amp#27;[37m/wd/hub/session/e6dc9ab1-168e-4e90-b7de-0b2c0502a97b&amp#27;[39m
&amp#27;[35m[HTTP]&amp#27;[39m &amp#27;[90m{}&amp#27;[39m
[debug] &amp#27;[35m[W3C (e6dc9ab1)]&amp#27;[39m Calling AppiumDriver.getSession() with args: ["e6dc9ab1-168e-4e90-b7de-0b2c0502a97b"]
[debug] &amp#27;[35m[UiAutomator2]&amp#27;[39m Getting session details from server to mix in
[debug] &amp#27;[35m[WD Proxy]&amp#27;[39m Matched '/' to command name 'getSession'
[debug] &amp#27;[35m[WD Proxy]&amp#27;[39m Proxying [GET /] to [GET http://127.0.0.1:8200/wd/hub/session/26355654-686e-4dc8-abb0-9f03f1d3b4ef] with no body
[debug] &amp#27;[35m[WD Proxy]&amp#27;[39m Got response with status 200: {"sessionId":"26355654-686e-4dc8-abb0-9f03f1d3b4ef","value":{"lastScrollData":null}}
[debug] &amp#27;[35m[W3C (e6dc9ab1)]&amp#27;[39m Responding to client with driver.getSession() result: {"platform":"LINUX","webStorageEnabled":false,"takesScreenshot":true,"javascriptEnabled":true,"databaseEnabled":false,"networkConnectionEnabled":true,"locationContextEnabled":false,"warnings":{},"desired":{"platformName":"android","app":"./src/test/resources/MyAPP/ApiDemos-debug.apk","appActivity":".ApiDemos","appPackage":"io.appium.android.apis","deviceName":"Android","platformVersion":"8.1"},"platformName":"android","app":"./src/test/resources/MyAPP/ApiDemos-debug.apk","appActivity":".ApiDemos","appPackage":"io.appium.android.apis","deviceName":"emulator-5554","platformVersion":"8.1.0","deviceUDID":"emulator-5554","deviceApiLevel":27,"deviceScreenSize":"1080x1920","deviceScreenDensity":420,"deviceModel":"Android SDK built for x86","deviceManufacturer":"Google","pixelRatio":2.625,"statBarHeight":63,"viewportRect":{"left":0,"top":63,"width":1080,"height":1731},"lastScrollData":null}
&amp#27;[35m[HTTP]&amp#27;[39m &amp#27;[37m<-- GET /wd/hub/session/e6dc9ab1-168e-4e90-b7de-0b2c0502a97b &amp#27;[39m&amp#27;[32m200&amp#27;[39m &amp#27;[90m11 ms - 905&amp#27;[39m
&amp#27;[35m[HTTP]&amp#27;[39m &amp#27;[90m&amp#27;[39m
&amp#27;[35m[HTTP]&amp#27;[39m &amp#27;[37m-->&amp#27;[39m &amp#27;[37mGET&amp#27;[39m &amp#27;[37m/wd/hub/session/e6dc9ab1-168e-4e90-b7de-0b2c0502a97b&amp#27;[39m
&amp#27;[35m[HTTP]&amp#27;[39m &amp#27;[90m{}&amp#27;[39m
[debug] &amp#27;[35m[W3C (e6dc9ab1)]&amp#27;[39m Calling AppiumDriver.getSession() with args: ["e6dc9ab1-168e-4e90-b7de-0b2c0502a97b"]
[debug] &amp#27;[35m[UiAutomator2]&amp#27;[39m Getting session details from server to mix in
[debug] &amp#27;[35m[WD Proxy]&amp#27;[39m Matched '/' to command name 'getSession'
[debug] &amp#27;[35m[WD Proxy]&amp#27;[39m Proxying [GET /] to [GET http://127.0.0.1:8200/wd/hub/session/26355654-686e-4dc8-abb0-9f03f1d3b4ef] with no body
[debug] &amp#27;[35m[WD Proxy]&amp#27;[39m Got response with status 200: {"sessionId":"26355654-686e-4dc8-abb0-9f03f1d3b4ef","value":{"lastScrollData":null}}
[debug] &amp#27;[35m[W3C (e6dc9ab1)]&amp#27;[39m Responding to client with driver.getSession() result: {"platform":"LINUX","webStorageEnabled":false,"takesScreenshot":true,"javascriptEnabled":true,"databaseEnabled":false,"networkConnectionEnabled":true,"locationContextEnabled":false,"warnings":{},"desired":{"platformName":"android","app":"./src/test/resources/MyAPP/ApiDemos-debug.apk","appActivity":".ApiDemos","appPackage":"io.appium.android.apis","deviceName":"Android","platformVersion":"8.1"},"platformName":"android","app":"./src/test/resources/MyAPP/ApiDemos-debug.apk","appActivity":".ApiDemos","appPackage":"io.appium.android.apis","deviceName":"emulator-5554","platformVersion":"8.1.0","deviceUDID":"emulator-5554","deviceApiLevel":27,"deviceScreenSize":"1080x1920","deviceScreenDensity":420,"deviceModel":"Android SDK built for x86","deviceManufacturer":"Google","pixelRatio":2.625,"statBarHeight":63,"viewportRect":{"left":0,"top":63,"width":1080,"height":1731},"lastScrollData":null}
&amp#27;[35m[HTTP]&amp#27;[39m &amp#27;[37m<-- GET /wd/hub/session/e6dc9ab1-168e-4e90-b7de-0b2c0502a97b &amp#27;[39m&amp#27;[32m200&amp#27;[39m &amp#27;[90m15 ms - 905&amp#27;[39m
&amp#27;[35m[HTTP]&amp#27;[39m &amp#27;[90m&amp#27;[39m
&amp#27;[35m[HTTP]&amp#27;[39m &amp#27;[37m-->&amp#27;[39m &amp#27;[37mGET&amp#27;[39m &amp#27;[37m/wd/hub/session/e6dc9ab1-168e-4e90-b7de-0b2c0502a97b&amp#27;[39m
&amp#27;[35m[HTTP]&amp#27;[39m &amp#27;[90m{}&amp#27;[39m
[debug] &amp#27;[35m[W3C (e6dc9ab1)]&amp#27;[39m Calling AppiumDriver.getSession() with args: ["e6dc9ab1-168e-4e90-b7de-0b2c0502a97b"]
[debug] &amp#27;[35m[UiAutomator2]&amp#27;[39m Getting session details from server to mix in
[debug] &amp#27;[35m[WD Proxy]&amp#27;[39m Matched '/' to command name 'getSession'
[debug] &amp#27;[35m[WD Proxy]&amp#27;[39m Proxying [GET /] to [GET http://127.0.0.1:8200/wd/hub/session/26355654-686e-4dc8-abb0-9f03f1d3b4ef] with no body
[debug] &amp#27;[35m[WD Proxy]&amp#27;[39m Got response with status 200: {"sessionId":"26355654-686e-4dc8-abb0-9f03f1d3b4ef","value":{"lastScrollData":null}}
[debug] &amp#27;[35m[W3C (e6dc9ab1)]&amp#27;[39m Responding to client with driver.getSession() result: {"platform":"LINUX","webStorageEnabled":false,"takesScreenshot":true,"javascriptEnabled":true,"databaseEnabled":false,"networkConnectionEnabled":true,"locationContextEnabled":false,"warnings":{},"desired":{"platformName":"android","app":"./src/test/resources/MyAPP/ApiDemos-debug.apk","appActivity":".ApiDemos","appPackage":"io.appium.android.apis","deviceName":"Android","platformVersion":"8.1"},"platformName":"android","app":"./src/test/resources/MyAPP/ApiDemos-debug.apk","appActivity":".ApiDemos","appPackage":"io.appium.android.apis","deviceName":"emulator-5554","platformVersion":"8.1.0","deviceUDID":"emulator-5554","deviceApiLevel":27,"deviceScreenSize":"1080x1920","deviceScreenDensity":420,"deviceModel":"Android SDK built for x86","deviceManufacturer":"Google","pixelRatio":2.625,"statBarHeight":63,"viewportRect":{"left":0,"top":63,"width":1080,"height":1731},"lastScrollData":null}
&amp#27;[35m[HTTP]&amp#27;[39m &amp#27;[37m<-- GET /wd/hub/session/e6dc9ab1-168e-4e90-b7de-0b2c0502a97b &amp#27;[39m&amp#27;[32m200&amp#27;[39m &amp#27;[90m19 ms - 905&amp#27;[39m
&amp#27;[35m[HTTP]&amp#27;[39m &amp#27;[90m&amp#27;[39m
&amp#27;[35m[HTTP]&amp#27;[39m &amp#27;[37m-->&amp#27;[39m &amp#27;[37mPOST&amp#27;[39m &amp#27;[37m/wd/hub/session/e6dc9ab1-168e-4e90-b7de-0b2c0502a97b/element&amp#27;[39m
&amp#27;[35m[HTTP]&amp#27;[39m &amp#27;[90m{"using":"xpath","value":"//android.widget.TextView[@content-desc=\"Display Options\"]"}&amp#27;[39m
[debug] &amp#27;[35m[W3C (e6dc9ab1)]&amp#27;[39m Calling AppiumDriver.findElement() with args: ["xpath","//android.widget.TextView[@content-desc=\"Display Options\"]","e6dc9ab1-168e-4e90-b7de-0b2c0502a97b"]
[debug] &amp#27;[35m[BaseDriver]&amp#27;[39m Valid locator strategies for this request: xpath, id, class name, accessibility id, css selector, -android uiautomator
[debug] &amp#27;[35m[BaseDriver]&amp#27;[39m Waiting up to 120000 ms for condition
[debug] &amp#27;[35m[WD Proxy]&amp#27;[39m Matched '/element' to command name 'findElement'
[debug] &amp#27;[35m[WD Proxy]&amp#27;[39m Proxying [POST /element] to [POST http://127.0.0.1:8200/wd/hub/session/26355654-686e-4dc8-abb0-9f03f1d3b4ef/element] with body: {"strategy":"xpath","selector":"//android.widget.TextView[@content-desc=\"Display Options\"]","context":"","multiple":false}
[debug] &amp#27;[35m[WD Proxy]&amp#27;[39m Got response with status 200: {"sessionId":"26355654-686e-4dc8-abb0-9f03f1d3b4ef","value":{"ELEMENT":"00000000-0000-0291-ffff-ffff0000002f","element-6066-11e4-a52e-4f735466cecf":"00000000-0000-0291-ffff-ffff0000002f"}}
[debug] &amp#27;[35m[W3C (e6dc9ab1)]&amp#27;[39m Responding to client with driver.findElement() result: {"element-6066-11e4-a52e-4f735466cecf":"00000000-0000-0291-ffff-ffff0000002f","ELEMENT":"00000000-0000-0291-ffff-ffff0000002f"}
&amp#27;[35m[HTTP]&amp#27;[39m &amp#27;[37m<-- POST /wd/hub/session/e6dc9ab1-168e-4e90-b7de-0b2c0502a97b/element &amp#27;[39m&amp#27;[32m200&amp#27;[39m &amp#27;[90m1521 ms - 137&amp#27;[39m
&amp#27;[35m[HTTP]&amp#27;[39m &amp#27;[90m&amp#27;[39m
&amp#27;[35m[HTTP]&amp#27;[39m &amp#27;[37m-->&amp#27;[39m &amp#27;[37mPOST&amp#27;[39m &amp#27;[37m/wd/hub/session/e6dc9ab1-168e-4e90-b7de-0b2c0502a97b/element/00000000-0000-0291-ffff-ffff0000002f/click&amp#27;[39m
&amp#27;[35m[HTTP]&amp#27;[39m &amp#27;[90m{"id":"00000000-0000-0291-ffff-ffff0000002f"}&amp#27;[39m
[debug] &amp#27;[35m[W3C (e6dc9ab1)]&amp#27;[39m Calling AppiumDriver.click() with args: ["00000000-0000-0291-ffff-ffff0000002f","e6dc9ab1-168e-4e90-b7de-0b2c0502a97b"]
[debug] &amp#27;[35m[WD Proxy]&amp#27;[39m Matched '/element/00000000-0000-0291-ffff-ffff0000002f/click' to command name 'click'
[debug] &amp#27;[35m[WD Proxy]&amp#27;[39m Proxying [POST /element/00000000-0000-0291-ffff-ffff0000002f/click] to [POST http://127.0.0.1:8200/wd/hub/session/26355654-686e-4dc8-abb0-9f03f1d3b4ef/element/00000000-0000-0291-ffff-ffff0000002f/click] with body: {"element":"00000000-0000-0291-ffff-ffff0000002f"}
[debug] &amp#27;[35m[WD Proxy]&amp#27;[39m Got response with status 200: {"sessionId":"26355654-686e-4dc8-abb0-9f03f1d3b4ef","value":null}
[debug] &amp#27;[35m[W3C (e6dc9ab1)]&amp#27;[39m Responding to client with driver.click() result: null
&amp#27;[35m[HTTP]&amp#27;[39m &amp#27;[37m<-- POST /wd/hub/session/e6dc9ab1-168e-4e90-b7de-0b2c0502a97b/element/00000000-0000-0291-ffff-ffff0000002f/click &amp#27;[39m&amp#27;[32m200&amp#27;[39m &amp#27;[90m1287 ms - 14&amp#27;[39m
&amp#27;[35m[HTTP]&amp#27;[39m &amp#27;[90m&amp#27;[39m
[INFO ] 2021-12-21 22:37:29.826 [main] DisplayTitleSteps - Tap on the Display Option has been done!
&amp#27;[35m[HTTP]&amp#27;[39m &amp#27;[37m-->&amp#27;[39m &amp#27;[37mGET&amp#27;[39m &amp#27;[37m/wd/hub/session/e6dc9ab1-168e-4e90-b7de-0b2c0502a97b&amp#27;[39m
&amp#27;[35m[HTTP]&amp#27;[39m &amp#27;[90m{}&amp#27;[39m
[debug] &amp#27;[35m[W3C (e6dc9ab1)]&amp#27;[39m Calling AppiumDriver.getSession() with args: ["e6dc9ab1-168e-4e90-b7de-0b2c0502a97b"]
[debug] &amp#27;[35m[UiAutomator2]&amp#27;[39m Getting session details from server to mix in
[debug] &amp#27;[35m[WD Proxy]&amp#27;[39m Matched '/' to command name 'getSession'
[debug] &amp#27;[35m[WD Proxy]&amp#27;[39m Proxying [GET /] to [GET http://127.0.0.1:8200/wd/hub/session/26355654-686e-4dc8-abb0-9f03f1d3b4ef] with no body
[debug] &amp#27;[35m[WD Proxy]&amp#27;[39m Got response with status 200: {"sessionId":"26355654-686e-4dc8-abb0-9f03f1d3b4ef","value":{"lastScrollData":null}}
[debug] &amp#27;[35m[W3C (e6dc9ab1)]&amp#27;[39m Responding to client with driver.getSession() result: {"platform":"LINUX","webStorageEnabled":false,"takesScreenshot":true,"javascriptEnabled":true,"databaseEnabled":false,"networkConnectionEnabled":true,"locationContextEnabled":false,"warnings":{},"desired":{"platformName":"android","app":"./src/test/resources/MyAPP/ApiDemos-debug.apk","appActivity":".ApiDemos","appPackage":"io.appium.android.apis","deviceName":"Android","platformVersion":"8.1"},"platformName":"android","app":"./src/test/resources/MyAPP/ApiDemos-debug.apk","appActivity":".ApiDemos","appPackage":"io.appium.android.apis","deviceName":"emulator-5554","platformVersion":"8.1.0","deviceUDID":"emulator-5554","deviceApiLevel":27,"deviceScreenSize":"1080x1920","deviceScreenDensity":420,"deviceModel":"Android SDK built for x86","deviceManufacturer":"Google","pixelRatio":2.625,"statBarHeight":63,"viewportRect":{"left":0,"top":63,"width":1080,"height":1731},"lastScrollData":null}
&amp#27;[35m[HTTP]&amp#27;[39m &amp#27;[37m<-- GET /wd/hub/session/e6dc9ab1-168e-4e90-b7de-0b2c0502a97b &amp#27;[39m&amp#27;[32m200&amp#27;[39m &amp#27;[90m16 ms - 905&amp#27;[39m
&amp#27;[35m[HTTP]&amp#27;[39m &amp#27;[90m&amp#27;[39m
&amp#27;[35m[HTTP]&amp#27;[39m &amp#27;[37m-->&amp#27;[39m &amp#27;[37mGET&amp#27;[39m &amp#27;[37m/wd/hub/session/e6dc9ab1-168e-4e90-b7de-0b2c0502a97b&amp#27;[39m
&amp#27;[35m[HTTP]&amp#27;[39m &amp#27;[90m{}&amp#27;[39m
[debug] &amp#27;[35m[W3C (e6dc9ab1)]&amp#27;[39m Calling AppiumDriver.getSession() with args: ["e6dc9ab1-168e-4e90-b7de-0b2c0502a97b"]
[debug] &amp#27;[35m[UiAutomator2]&amp#27;[39m Getting session details from server to mix in
[debug] &amp#27;[35m[WD Proxy]&amp#27;[39m Matched '/' to command name 'getSession'
[debug] &amp#27;[35m[WD Proxy]&amp#27;[39m Proxying [GET /] to [GET http://127.0.0.1:8200/wd/hub/session/26355654-686e-4dc8-abb0-9f03f1d3b4ef] with no body
[debug] &amp#27;[35m[WD Proxy]&amp#27;[39m Got response with status 200: {"sessionId":"26355654-686e-4dc8-abb0-9f03f1d3b4ef","value":{"lastScrollData":null}}
[debug] &amp#27;[35m[W3C (e6dc9ab1)]&amp#27;[39m Responding to client with driver.getSession() result: {"platform":"LINUX","webStorageEnabled":false,"takesScreenshot":true,"javascriptEnabled":true,"databaseEnabled":false,"networkConnectionEnabled":true,"locationContextEnabled":false,"warnings":{},"desired":{"platformName":"android","app":"./src/test/resources/MyAPP/ApiDemos-debug.apk","appActivity":".ApiDemos","appPackage":"io.appium.android.apis","deviceName":"Android","platformVersion":"8.1"},"platformName":"android","app":"./src/test/resources/MyAPP/ApiDemos-debug.apk","appActivity":".ApiDemos","appPackage":"io.appium.android.apis","deviceName":"emulator-5554","platformVersion":"8.1.0","deviceUDID":"emulator-5554","deviceApiLevel":27,"deviceScreenSize":"1080x1920","deviceScreenDensity":420,"deviceModel":"Android SDK built for x86","deviceManufacturer":"Google","pixelRatio":2.625,"statBarHeight":63,"viewportRect":{"left":0,"top":63,"width":1080,"height":1731},"lastScrollData":null}
&amp#27;[35m[HTTP]&amp#27;[39m &amp#27;[37m<-- GET /wd/hub/session/e6dc9ab1-168e-4e90-b7de-0b2c0502a97b &amp#27;[39m&amp#27;[32m200&amp#27;[39m &amp#27;[90m13 ms - 905&amp#27;[39m
&amp#27;[35m[HTTP]&amp#27;[39m &amp#27;[90m&amp#27;[39m
&amp#27;[35m[HTTP]&amp#27;[39m &amp#27;[37m-->&amp#27;[39m &amp#27;[37mGET&amp#27;[39m &amp#27;[37m/wd/hub/session/e6dc9ab1-168e-4e90-b7de-0b2c0502a97b&amp#27;[39m
&amp#27;[35m[HTTP]&amp#27;[39m &amp#27;[90m{}&amp#27;[39m
[debug] &amp#27;[35m[W3C (e6dc9ab1)]&amp#27;[39m Calling AppiumDriver.getSession() with args: ["e6dc9ab1-168e-4e90-b7de-0b2c0502a97b"]
[debug] &amp#27;[35m[UiAutomator2]&amp#27;[39m Getting session details from server to mix in
[debug] &amp#27;[35m[WD Proxy]&amp#27;[39m Matched '/' to command name 'getSession'
[debug] &amp#27;[35m[WD Proxy]&amp#27;[39m Proxying [GET /] to [GET http://127.0.0.1:8200/wd/hub/session/26355654-686e-4dc8-abb0-9f03f1d3b4ef] with no body
[debug] &amp#27;[35m[WD Proxy]&amp#27;[39m Got response with status 200: {"sessionId":"26355654-686e-4dc8-abb0-9f03f1d3b4ef","value":{"lastScrollData":null}}
[debug] &amp#27;[35m[W3C (e6dc9ab1)]&amp#27;[39m Responding to client with driver.getSession() result: {"platform":"LINUX","webStorageEnabled":false,"takesScreenshot":true,"javascriptEnabled":true,"databaseEnabled":false,"networkConnectionEnabled":true,"locationContextEnabled":false,"warnings":{},"desired":{"platformName":"android","app":"./src/test/resources/MyAPP/ApiDemos-debug.apk","appActivity":".ApiDemos","appPackage":"io.appium.android.apis","deviceName":"Android","platformVersion":"8.1"},"platformName":"android","app":"./src/test/resources/MyAPP/ApiDemos-debug.apk","appActivity":".ApiDemos","appPackage":"io.appium.android.apis","deviceName":"emulator-5554","platformVersion":"8.1.0","deviceUDID":"emulator-5554","deviceApiLevel":27,"deviceScreenSize":"1080x1920","deviceScreenDensity":420,"deviceModel":"Android SDK built for x86","deviceManufacturer":"Google","pixelRatio":2.625,"statBarHeight":63,"viewportRect":{"left":0,"top":63,"width":1080,"height":1731},"lastScrollData":null}
&amp#27;[35m[HTTP]&amp#27;[39m &amp#27;[37m<-- GET /wd/hub/session/e6dc9ab1-168e-4e90-b7de-0b2c0502a97b &amp#27;[39m&amp#27;[32m200&amp#27;[39m &amp#27;[90m12 ms - 905&amp#27;[39m
&amp#27;[35m[HTTP]&amp#27;[39m &amp#27;[90m&amp#27;[39m
&amp#27;[35m[HTTP]&amp#27;[39m &amp#27;[37m-->&amp#27;[39m &amp#27;[37mPOST&amp#27;[39m &amp#27;[37m/wd/hub/session/e6dc9ab1-168e-4e90-b7de-0b2c0502a97b/element&amp#27;[39m
&amp#27;[35m[HTTP]&amp#27;[39m &amp#27;[90m{"using":"id","value":"io.appium.android.apis:id/toggle_show_title"}&amp#27;[39m
[debug] &amp#27;[35m[W3C (e6dc9ab1)]&amp#27;[39m Calling AppiumDriver.findElement() with args: ["id","io.appium.android.apis:id/toggle_show_title","e6dc9ab1-168e-4e90-b7de-0b2c0502a97b"]
[debug] &amp#27;[35m[BaseDriver]&amp#27;[39m Valid locator strategies for this request: xpath, id, class name, accessibility id, css selector, -android uiautomator
[debug] &amp#27;[35m[BaseDriver]&amp#27;[39m Waiting up to 120000 ms for condition
[debug] &amp#27;[35m[WD Proxy]&amp#27;[39m Matched '/element' to command name 'findElement'
[debug] &amp#27;[35m[WD Proxy]&amp#27;[39m Proxying [POST /element] to [POST http://127.0.0.1:8200/wd/hub/session/26355654-686e-4dc8-abb0-9f03f1d3b4ef/element] with body: {"strategy":"id","selector":"io.appium.android.apis:id/toggle_show_title","context":"","multiple":false}
[debug] &amp#27;[35m[WD Proxy]&amp#27;[39m Got response with status 200: {"sessionId":"26355654-686e-4dc8-abb0-9f03f1d3b4ef","value":{"ELEMENT":"00000000-0000-0292-ffff-ffff0000003d","element-6066-11e4-a52e-4f735466cecf":"00000000-0000-0292-ffff-ffff0000003d"}}
[debug] &amp#27;[35m[W3C (e6dc9ab1)]&amp#27;[39m Responding to client with driver.findElement() result: {"element-6066-11e4-a52e-4f735466cecf":"00000000-0000-0292-ffff-ffff0000003d","ELEMENT":"00000000-0000-0292-ffff-ffff0000003d"}
&amp#27;[35m[HTTP]&amp#27;[39m &amp#27;[37m<-- POST /wd/hub/session/e6dc9ab1-168e-4e90-b7de-0b2c0502a97b/element &amp#27;[39m&amp#27;[32m200&amp#27;[39m &amp#27;[90m23 ms - 137&amp#27;[39m
&amp#27;[35m[HTTP]&amp#27;[39m &amp#27;[90m&amp#27;[39m
&amp#27;[35m[HTTP]&amp#27;[39m &amp#27;[37m-->&amp#27;[39m &amp#27;[37mPOST&amp#27;[39m &amp#27;[37m/wd/hub/session/e6dc9ab1-168e-4e90-b7de-0b2c0502a97b/element/00000000-0000-0292-ffff-ffff0000003d/click&amp#27;[39m
&amp#27;[35m[HTTP]&amp#27;[39m &amp#27;[90m{"id":"00000000-0000-0292-ffff-ffff0000003d"}&amp#27;[39m
[debug] &amp#27;[35m[W3C (e6dc9ab1)]&amp#27;[39m Calling AppiumDriver.click() with args: ["00000000-0000-0292-ffff-ffff0000003d","e6dc9ab1-168e-4e90-b7de-0b2c0502a97b"]
[debug] &amp#27;[35m[WD Proxy]&amp#27;[39m Matched '/element/00000000-0000-0292-ffff-ffff0000003d/click' to command name 'click'
[debug] &amp#27;[35m[WD Proxy]&amp#27;[39m Proxying [POST /element/00000000-0000-0292-ffff-ffff0000003d/click] to [POST http://127.0.0.1:8200/wd/hub/session/26355654-686e-4dc8-abb0-9f03f1d3b4ef/element/00000000-0000-0292-ffff-ffff0000003d/click] with body: {"element":"00000000-0000-0292-ffff-ffff0000003d"}
[debug] &amp#27;[35m[WD Proxy]&amp#27;[39m Got response with status 200: {"sessionId":"26355654-686e-4dc8-abb0-9f03f1d3b4ef","value":null}
[debug] &amp#27;[35m[W3C (e6dc9ab1)]&amp#27;[39m Responding to client with driver.click() result: null
&amp#27;[35m[HTTP]&amp#27;[39m &amp#27;[37m<-- POST /wd/hub/session/e6dc9ab1-168e-4e90-b7de-0b2c0502a97b/element/00000000-0000-0292-ffff-ffff0000003d/click &amp#27;[39m&amp#27;[32m200&amp#27;[39m &amp#27;[90m23 ms - 14&amp#27;[39m
&amp#27;[35m[HTTP]&amp#27;[39m &amp#27;[90m&amp#27;[39m
&amp#27;[35m[HTTP]&amp#27;[39m &amp#27;[37m-->&amp#27;[39m &amp#27;[37mGET&amp#27;[39m &amp#27;[37m/wd/hub/session/e6dc9ab1-168e-4e90-b7de-0b2c0502a97b&amp#27;[39m
&amp#27;[35m[HTTP]&amp#27;[39m &amp#27;[90m{}&amp#27;[39m
[debug] &amp#27;[35m[W3C (e6dc9ab1)]&amp#27;[39m Calling AppiumDriver.getSession() with args: ["e6dc9ab1-168e-4e90-b7de-0b2c0502a97b"]
[debug] &amp#27;[35m[UiAutomator2]&amp#27;[39m Getting session details from server to mix in
[debug] &amp#27;[35m[WD Proxy]&amp#27;[39m Matched '/' to command name 'getSession'
[debug] &amp#27;[35m[WD Proxy]&amp#27;[39m Proxying [GET /] to [GET http://127.0.0.1:8200/wd/hub/session/26355654-686e-4dc8-abb0-9f03f1d3b4ef] with no body
[debug] &amp#27;[35m[WD Proxy]&amp#27;[39m Got response with status 200: {"sessionId":"26355654-686e-4dc8-abb0-9f03f1d3b4ef","value":{"lastScrollData":null}}
[debug] &amp#27;[35m[W3C (e6dc9ab1)]&amp#27;[39m Responding to client with driver.getSession() result: {"platform":"LINUX","webStorageEnabled":false,"takesScreenshot":true,"javascriptEnabled":true,"databaseEnabled":false,"networkConnectionEnabled":true,"locationContextEnabled":false,"warnings":{},"desired":{"platformName":"android","app":"./src/test/resources/MyAPP/ApiDemos-debug.apk","appActivity":".ApiDemos","appPackage":"io.appium.android.apis","deviceName":"Android","platformVersion":"8.1"},"platformName":"android","app":"./src/test/resources/MyAPP/ApiDemos-debug.apk","appActivity":".ApiDemos","appPackage":"io.appium.android.apis","deviceName":"emulator-5554","platformVersion":"8.1.0","deviceUDID":"emulator-5554","deviceApiLevel":27,"deviceScreenSize":"1080x1920","deviceScreenDensity":420,"deviceModel":"Android SDK built for x86","deviceManufacturer":"Google","pixelRatio":2.625,"statBarHeight":63,"viewportRect":{"left":0,"top":63,"width":1080,"height":1731},"lastScrollData":null}
&amp#27;[35m[HTTP]&amp#27;[39m &amp#27;[37m<-- GET /wd/hub/session/e6dc9ab1-168e-4e90-b7de-0b2c0502a97b &amp#27;[39m&amp#27;[32m200&amp#27;[39m &amp#27;[90m13 ms - 905&amp#27;[39m
&amp#27;[35m[HTTP]&amp#27;[39m &amp#27;[90m&amp#27;[39m
&amp#27;[35m[HTTP]&amp#27;[39m &amp#27;[37m-->&amp#27;[39m &amp#27;[37mPOST&amp#27;[39m &amp#27;[37m/wd/hub/session/e6dc9ab1-168e-4e90-b7de-0b2c0502a97b/element&amp#27;[39m
&amp#27;[35m[HTTP]&amp#27;[39m &amp#27;[90m{"using":"id","value":"io.appium.android.apis:id/toggle_show_title"}&amp#27;[39m
[debug] &amp#27;[35m[W3C (e6dc9ab1)]&amp#27;[39m Calling AppiumDriver.findElement() with args: ["id","io.appium.android.apis:id/toggle_show_title","e6dc9ab1-168e-4e90-b7de-0b2c0502a97b"]
[debug] &amp#27;[35m[BaseDriver]&amp#27;[39m Valid locator strategies for this request: xpath, id, class name, accessibility id, css selector, -android uiautomator
[debug] &amp#27;[35m[BaseDriver]&amp#27;[39m Waiting up to 120000 ms for condition
[debug] &amp#27;[35m[WD Proxy]&amp#27;[39m Matched '/element' to command name 'findElement'
[debug] &amp#27;[35m[WD Proxy]&amp#27;[39m Proxying [POST /element] to [POST http://127.0.0.1:8200/wd/hub/session/26355654-686e-4dc8-abb0-9f03f1d3b4ef/element] with body: {"strategy":"id","selector":"io.appium.android.apis:id/toggle_show_title","context":"","multiple":false}
[debug] &amp#27;[35m[WD Proxy]&amp#27;[39m Got response with status 200: {"sessionId":"26355654-686e-4dc8-abb0-9f03f1d3b4ef","value":{"ELEMENT":"00000000-0000-0292-ffff-ffff0000003d","element-6066-11e4-a52e-4f735466cecf":"00000000-0000-0292-ffff-ffff0000003d"}}
[debug] &amp#27;[35m[W3C (e6dc9ab1)]&amp#27;[39m Responding to client with driver.findElement() result: {"element-6066-11e4-a52e-4f735466cecf":"00000000-0000-0292-ffff-ffff0000003d","ELEMENT":"00000000-0000-0292-ffff-ffff0000003d"}
&amp#27;[35m[HTTP]&amp#27;[39m &amp#27;[37m<-- POST /wd/hub/session/e6dc9ab1-168e-4e90-b7de-0b2c0502a97b/element &amp#27;[39m&amp#27;[32m200&amp#27;[39m &amp#27;[90m531 ms - 137&amp#27;[39m
&amp#27;[35m[HTTP]&amp#27;[39m &amp#27;[90m&amp#27;[39m
&amp#27;[35m[HTTP]&amp#27;[39m &amp#27;[37m-->&amp#27;[39m &amp#27;[37mPOST&amp#27;[39m &amp#27;[37m/wd/hub/session/e6dc9ab1-168e-4e90-b7de-0b2c0502a97b/element/00000000-0000-0292-ffff-ffff0000003d/click&amp#27;[39m
&amp#27;[35m[HTTP]&amp#27;[39m &amp#27;[90m{"id":"00000000-0000-0292-ffff-ffff0000003d"}&amp#27;[39m
[debug] &amp#27;[35m[W3C (e6dc9ab1)]&amp#27;[39m Calling AppiumDriver.click() with args: ["00000000-0000-0292-ffff-ffff0000003d","e6dc9ab1-168e-4e90-b7de-0b2c0502a97b"]
[debug] &amp#27;[35m[WD Proxy]&amp#27;[39m Matched '/element/00000000-0000-0292-ffff-ffff0000003d/click' to command name 'click'
[debug] &amp#27;[35m[WD Proxy]&amp#27;[39m Proxying [POST /element/00000000-0000-0292-ffff-ffff0000003d/click] to [POST http://127.0.0.1:8200/wd/hub/session/26355654-686e-4dc8-abb0-9f03f1d3b4ef/element/00000000-0000-0292-ffff-ffff0000003d/click] with body: {"element":"00000000-0000-0292-ffff-ffff0000003d"}
[debug] &amp#27;[35m[WD Proxy]&amp#27;[39m Got response with status 200: {"sessionId":"26355654-686e-4dc8-abb0-9f03f1d3b4ef","value":null}
[debug] &amp#27;[35m[W3C (e6dc9ab1)]&amp#27;[39m Responding to client with driver.click() result: null
[...]
[debug] &amp#27;[35m[WD Proxy]&amp#27;[39m Got response with status 200: {"sessionId":"aa1c57ea-87a2-46a1-974c-07a385ffb7d3","value":null}
[debug] &amp#27;[35m[W3C (33f88b6c)]&amp#27;[39m Responding to client with driver.click() result: null
&amp#27;[35m[HTTP]&amp#27;[39m &amp#27;[37m<-- POST /wd/hub/session/33f88b6c-e0f6-4b4f-8c2e-f1e04155d26e/element/00000000-0000-02cc-ffff-ffff00000021/click &amp#27;[39m&amp#27;[32m200&amp#27;[39m &amp#27;[90m1192 ms - 14&amp#27;[39m
&amp#27;[35m[HTTP]&amp#27;[39m &amp#27;[90m&amp#27;[39m
[INFO ] 2021-12-21 22:38:53.395 [main] SwipeOverImagesSteps - now user has entered into gallary section
&amp#27;[35m[HTTP]&amp#27;[39m &amp#27;[37m-->&amp#27;[39m &amp#27;[37mGET&amp#27;[39m &amp#27;[37m/wd/hub/session/33f88b6c-e0f6-4b4f-8c2e-f1e04155d26e&amp#27;[39m
&amp#27;[35m[HTTP]&amp#27;[39m &amp#27;[90m{}&amp#27;[39m
[debug] &amp#27;[35m[W3C (33f88b6c)]&amp#27;[39m Calling AppiumDriver.getSession() with args: ["33f88b6c-e0f6-4b4f-8c2e-f1e04155d26e"]
[debug] &amp#27;[35m[UiAutomator2]&amp#27;[39m Getting session details from server to mix in
[debug] &amp#27;[35m[WD Proxy]&amp#27;[39m Matched '/' to command name 'getSession'
[debug] &amp#27;[35m[WD Proxy]&amp#27;[39m Proxying [GET /] to [GET http://127.0.0.1:8200/wd/hub/session/aa1c57ea-87a2-46a1-974c-07a385ffb7d3] with no body
[debug] &amp#27;[35m[WD Proxy]&amp#27;[39m Got response with status 200: {"sessionId":"aa1c57ea-87a2-46a1-974c-07a385ffb7d3","value":{"lastScrollData":null}}
[debug] &amp#27;[35m[W3C (33f88b6c)]&amp#27;[39m Responding to client with driver.getSession() result: {"platform":"LINUX","webStorageEnabled":false,"takesScreenshot":true,"javascriptEnabled":true,"databaseEnabled":false,"networkConnectionEnabled":true,"locationContextEnabled":false,"warnings":{},"desired":{"platformName":"android","app":"./src/test/resources/MyAPP/ApiDemos-debug.apk","appActivity":".ApiDemos","appPackage":"io.appium.android.apis","deviceName":"Android","platformVersion":"8.1"},"platformName":"android","app":"./src/test/resources/MyAPP/ApiDemos-debug.apk","appActivity":".ApiDemos","appPackage":"io.appium.android.apis","deviceName":"emulator-5554","platformVersion":"8.1.0","deviceUDID":"emulator-5554","deviceApiLevel":27,"deviceScreenSize":"1080x1920","deviceScreenDensity":420,"deviceModel":"Android SDK built for x86","deviceManufacturer":"Google","pixelRatio":2.625,"statBarHeight":63,"viewportRect":{"left":0,"top":63,"width":1080,"height":1731},"lastScrollData":null}
&amp#27;[35m[HTTP]&amp#27;[39m &amp#27;[37m<-- GET /wd/hub/session/33f88b6c-e0f6-4b4f-8c2e-f1e04155d26e &amp#27;[39m&amp#27;[32m200&amp#27;[39m &amp#27;[90m30 ms - 905&amp#27;[39m
&amp#27;[35m[HTTP]&amp#27;[39m &amp#27;[90m&amp#27;[39m
&amp#27;[35m[HTTP]&amp#27;[39m &amp#27;[37m-->&amp#27;[39m &amp#27;[37mGET&amp#27;[39m &amp#27;[37m/wd/hub/session/33f88b6c-e0f6-4b4f-8c2e-f1e04155d26e&amp#27;[39m
&amp#27;[35m[HTTP]&amp#27;[39m &amp#27;[90m{}&amp#27;[39m
[debug] &amp#27;[35m[W3C (33f88b6c)]&amp#27;[39m Calling AppiumDriver.getSession() with args: ["33f88b6c-e0f6-4b4f-8c2e-f1e04155d26e"]
[debug] &amp#27;[35m[UiAutomator2]&amp#27;[39m Getting session details from server to mix in
[debug] &amp#27;[35m[WD Proxy]&amp#27;[39m Matched '/' to command name 'getSession'
[debug] &amp#27;[35m[WD Proxy]&amp#27;[39m Proxying [GET /] to [GET http://127.0.0.1:8200/wd/hub/session/aa1c57ea-87a2-46a1-974c-07a385ffb7d3] with no body
[debug] &amp#27;[35m[WD Proxy]&amp#27;[39m Got response with status 200: {"sessionId":"aa1c57ea-87a2-46a1-974c-07a385ffb7d3","value":{"lastScrollData":null}}
[debug] &amp#27;[35m[W3C (33f88b6c)]&amp#27;[39m Responding to client with driver.getSession() result: {"platform":"LINUX","webStorageEnabled":false,"takesScreenshot":true,"javascriptEnabled":true,"databaseEnabled":false,"networkConnectionEnabled":true,"locationContextEnabled":false,"warnings":{},"desired":{"platformName":"android","app":"./src/test/resources/MyAPP/ApiDemos-debug.apk","appActivity":".ApiDemos","appPackage":"io.appium.android.apis","deviceName":"Android","platformVersion":"8.1"},"platformName":"android","app":"./src/test/resources/MyAPP/ApiDemos-debug.apk","appActivity":".ApiDemos","appPackage":"io.appium.android.apis","deviceName":"emulator-5554","platformVersion":"8.1.0","deviceUDID":"emulator-5554","deviceApiLevel":27,"deviceScreenSize":"1080x1920","deviceScreenDensity":420,"deviceModel":"Android SDK built for x86","deviceManufacturer":"Google","pixelRatio":2.625,"statBarHeight":63,"viewportRect":{"left":0,"top":63,"width":1080,"height":1731},"lastScrollData":null}
&amp#27;[35m[HTTP]&amp#27;[39m &amp#27;[37m<-- GET /wd/hub/session/33f88b6c-e0f6-4b4f-8c2e-f1e04155d26e &amp#27;[39m&amp#27;[32m200&amp#27;[39m &amp#27;[90m37 ms - 905&amp#27;[39m
&amp#27;[35m[HTTP]&amp#27;[39m &amp#27;[90m&amp#27;[39m
&amp#27;[35m[HTTP]&amp#27;[39m &amp#27;[37m-->&amp#27;[39m &amp#27;[37mGET&amp#27;[39m &amp#27;[37m/wd/hub/session/33f88b6c-e0f6-4b4f-8c2e-f1e04155d26e&amp#27;[39m
&amp#27;[35m[HTTP]&amp#27;[39m &amp#27;[90m{}&amp#27;[39m
[debug] &amp#27;[35m[W3C (33f88b6c)]&amp#27;[39m Calling AppiumDriver.getSession() with args: ["33f88b6c-e0f6-4b4f-8c2e-f1e04155d26e"]
[debug] &amp#27;[35m[UiAutomator2]&amp#27;[39m Getting session details from server to mix in
[debug] &amp#27;[35m[WD Proxy]&amp#27;[39m Matched '/' to command name 'getSession'
[debug] &amp#27;[35m[WD Proxy]&amp#27;[39m Proxying [GET /] to [GET http://127.0.0.1:8200/wd/hub/session/aa1c57ea-87a2-46a1-974c-07a385ffb7d3] with no body
[debug] &amp#27;[35m[WD Proxy]&amp#27;[39m Got response with status 200: {"sessionId":"aa1c57ea-87a2-46a1-974c-07a385ffb7d3","value":{"lastScrollData":null}}
[debug] &amp#27;[35m[W3C (33f88b6c)]&amp#27;[39m Responding to client with driver.getSession() result: {"platform":"LINUX","webStorageEnabled":false,"takesScreenshot":true,"javascriptEnabled":true,"databaseEnabled":false,"networkConnectionEnabled":true,"locationContextEnabled":false,"warnings":{},"desired":{"platformName":"android","app":"./src/test/resources/MyAPP/ApiDemos-debug.apk","appActivity":".ApiDemos","appPackage":"io.appium.android.apis","deviceName":"Android","platformVersion":"8.1"},"platformName":"android","app":"./src/test/resources/MyAPP/ApiDemos-debug.apk","appActivity":".ApiDemos","appPackage":"io.appium.android.apis","deviceName":"emulator-5554","platformVersion":"8.1.0","deviceUDID":"emulator-5554","deviceApiLevel":27,"deviceScreenSize":"1080x1920","deviceScreenDensity":420,"deviceModel":"Android SDK built for x86","deviceManufacturer":"Google","pixelRatio":2.625,"statBarHeight":63,"viewportRect":{"left":0,"top":63,"width":1080,"height":1731},"lastScrollData":null}
&amp#27;[35m[HTTP]&amp#27;[39m &amp#27;[37m<-- GET /wd/hub/session/33f88b6c-e0f6-4b4f-8c2e-f1e04155d26e &amp#27;[39m&amp#27;[32m200&amp#27;[39m &amp#27;[90m36 ms - 905&amp#27;[39m
&amp#27;[35m[HTTP]&amp#27;[39m &amp#27;[90m&amp#27;[39m
&amp#27;[35m[HTTP]&amp#27;[39m &amp#27;[37m-->&amp#27;[39m &amp#27;[37mPOST&amp#27;[39m &amp#27;[37m/wd/hub/session/33f88b6c-e0f6-4b4f-8c2e-f1e04155d26e/element&amp#27;[39m
&amp#27;[35m[HTTP]&amp#27;[39m &amp#27;[90m{"using":"xpath","value":"//android.widget.TextView[@content-desc=\"1. Photos\"]"}&amp#27;[39m
[debug] &amp#27;[35m[W3C (33f88b6c)]&amp#27;[39m Calling AppiumDriver.findElement() with args: ["xpath","//android.widget.TextView[@content-desc=\"1. Photos\"]","33f88b6c-e0f6-4b4f-8c2e-f1e04155d26e"]
[debug] &amp#27;[35m[BaseDriver]&amp#27;[39m Valid locator strategies for this request: xpath, id, class name, accessibility id, css selector, -android uiautomator
[debug] &amp#27;[35m[BaseDriver]&amp#27;[39m Waiting up to 120000 ms for condition
[debug] &amp#27;[35m[WD Proxy]&amp#27;[39m Matched '/element' to command name 'findElement'
[debug] &amp#27;[35m[WD Proxy]&amp#27;[39m Proxying [POST /element] to [POST http://127.0.0.1:8200/wd/hub/session/aa1c57ea-87a2-46a1-974c-07a385ffb7d3/element] with body: {"strategy":"xpath","selector":"//android.widget.TextView[@content-desc=\"1. Photos\"]","context":"","multiple":false}
[debug] &amp#27;[35m[WD Proxy]&amp#27;[39m Got response with status 200: {"sessionId":"aa1c57ea-87a2-46a1-974c-07a385ffb7d3","value":{"ELEMENT":"00000000-0000-02cd-ffff-ffff0000002d","element-6066-11e4-a52e-4f735466cecf":"00000000-0000-02cd-ffff-ffff0000002d"}}
[debug] &amp#27;[35m[W3C (33f88b6c)]&amp#27;[39m Responding to client with driver.findElement() result: {"element-6066-11e4-a52e-4f735466cecf":"00000000-0000-02cd-ffff-ffff0000002d","ELEMENT":"00000000-0000-02cd-ffff-ffff0000002d"}
&amp#27;[35m[HTTP]&amp#27;[39m &amp#27;[37m<-- POST /wd/hub/session/33f88b6c-e0f6-4b4f-8c2e-f1e04155d26e/element &amp#27;[39m&amp#27;[32m200&amp#27;[39m &amp#27;[90m116 ms - 137&amp#27;[39m
&amp#27;[35m[HTTP]&amp#27;[39m &amp#27;[90m&amp#27;[39m
&amp#27;[35m[HTTP]&amp#27;[39m &amp#27;[37m-->&amp#27;[39m &amp#27;[37mPOST&amp#27;[39m &amp#27;[37m/wd/hub/session/33f88b6c-e0f6-4b4f-8c2e-f1e04155d26e/element/00000000-0000-02cd-ffff-ffff0000002d/click&amp#27;[39m
&amp#27;[35m[HTTP]&amp#27;[39m &amp#27;[90m{"id":"00000000-0000-02cd-ffff-ffff0000002d"}&amp#27;[39m
[debug] &amp#27;[35m[W3C (33f88b6c)]&amp#27;[39m Calling AppiumDriver.click() with args: ["00000000-0000-02cd-ffff-ffff0000002d","33f88b6c-e0f6-4b4f-8c2e-f1e04155d26e"]
[debug] &amp#27;[35m[WD Proxy]&amp#27;[39m Matched '/element/00000000-0000-02cd-ffff-ffff0000002d/click' to command name 'click'
[debug] &amp#27;[35m[WD Proxy]&amp#27;[39m Proxying [POST /element/00000000-0000-02cd-ffff-ffff0000002d/click] to [POST http://127.0.0.1:8200/wd/hub/session/aa1c57ea-87a2-46a1-974c-07a385ffb7d3/element/00000000-0000-02cd-ffff-ffff0000002d/click] with body: {"element":"00000000-0000-02cd-ffff-ffff0000002d"}
[debug] &amp#27;[35m[WD Proxy]&amp#27;[39m Got response with status 200: {"sessionId":"aa1c57ea-87a2-46a1-974c-07a385ffb7d3","value":null}
[debug] &amp#27;[35m[W3C (33f88b6c)]&amp#27;[39m Responding to client with driver.click() result: null
&amp#27;[35m[HTTP]&amp#27;[39m &amp#27;[37m<-- POST /wd/hub/session/33f88b6c-e0f6-4b4f-8c2e-f1e04155d26e/element/00000000-0000-02cd-ffff-ffff0000002d/click &amp#27;[39m&amp#27;[32m200&amp#27;[39m &amp#27;[90m1344 ms - 14&amp#27;[39m
&amp#27;[35m[HTTP]&amp#27;[39m &amp#27;[90m&amp#27;[39m
[INFO ] 2021-12-21 22:38:55.002 [main] SwipeOverImagesSteps - To select the PHOTOS option has been done!
**Gallary of nature's images is visible**
&amp#27;[35m[HTTP]&amp#27;[39m &amp#27;[37m-->&amp#27;[39m &amp#27;[37mGET&amp#27;[39m &amp#27;[37m/wd/hub/session/33f88b6c-e0f6-4b4f-8c2e-f1e04155d26e/window/rect&amp#27;[39m
&amp#27;[35m[HTTP]&amp#27;[39m &amp#27;[90m{}&amp#27;[39m
[debug] &amp#27;[35m[W3C (33f88b6c)]&amp#27;[39m Calling AppiumDriver.getWindowRect() with args: ["33f88b6c-e0f6-4b4f-8c2e-f1e04155d26e"]
[debug] &amp#27;[35m[WD Proxy]&amp#27;[39m Matched '/window/current/size' to command name 'getWindowSize'
[debug] &amp#27;[35m[WD Proxy]&amp#27;[39m Proxying [GET /window/current/size] to [GET http://127.0.0.1:8200/wd/hub/session/aa1c57ea-87a2-46a1-974c-07a385ffb7d3/window/current/size] with no body
[debug] &amp#27;[35m[WD Proxy]&amp#27;[39m Got response with status 200: {"sessionId":"aa1c57ea-87a2-46a1-974c-07a385ffb7d3","value":{"height":1794,"width":1080}}
[debug] &amp#27;[35m[W3C (33f88b6c)]&amp#27;[39m Responding to client with driver.getWindowRect() result: {"width":1080,"height":1794,"x":0,"y":0}
&amp#27;[35m[HTTP]&amp#27;[39m &amp#27;[37m<-- GET /wd/hub/session/33f88b6c-e0f6-4b4f-8c2e-f1e04155d26e/window/rect &amp#27;[39m&amp#27;[32m200&amp#27;[39m &amp#27;[90m46 ms - 50&amp#27;[39m
&amp#27;[35m[HTTP]&amp#27;[39m &amp#27;[90m&amp#27;[39m
&amp#27;[35m[HTTP]&amp#27;[39m &amp#27;[37m-->&amp#27;[39m &amp#27;[37mPOST&amp#27;[39m &amp#27;[37m/wd/hub/session/33f88b6c-e0f6-4b4f-8c2e-f1e04155d26e/touch/perform&amp#27;[39m
&amp#27;[35m[HTTP]&amp#27;[39m &amp#27;[90m{"actions":[{"action":"press","options":{"x":864,"y":358}},{"action":"wait","options":{"ms":1000}},{"action":"moveTo","options":{"x":108,"y":358}},{"action":"release","options":{}}]}&amp#27;[39m
[debug] &amp#27;[35m[W3C (33f88b6c)]&amp#27;[39m Calling AppiumDriver.performTouch() with args: [[{"action":"press","options":{"x":864,"y":358}},{"action":"wait","options":{"ms":1000}},{"action":"moveTo","options":{"x":108,"y":358}},{"action":"release","options":{}}],"33f88b6c-e0f6-4b4f-8c2e-f1e04155d26e"]
[debug] &amp#27;[35m[WD Proxy]&amp#27;[39m Matched '/touch/perform' to command name 'performTouch'
[debug] &amp#27;[35m[WD Proxy]&amp#27;[39m Proxying [POST /touch/perform] to [POST http://127.0.0.1:8200/wd/hub/session/aa1c57ea-87a2-46a1-974c-07a385ffb7d3/touch/perform] with body: {"startX":864,"startY":358,"endX":108,"endY":358,"steps":28}
[debug] &amp#27;[35m[WD Proxy]&amp#27;[39m Got response with status 200: {"sessionId":"aa1c57ea-87a2-46a1-974c-07a385ffb7d3","value":null}
[debug] &amp#27;[35m[W3C (33f88b6c)]&amp#27;[39m Responding to client with driver.performTouch() result: null
&amp#27;[35m[HTTP]&amp#27;[39m &amp#27;[37m<-- POST /wd/hub/session/33f88b6c-e0f6-4b4f-8c2e-f1e04155d26e/touch/perform &amp#27;[39m&amp#27;[32m200&amp#27;[39m &amp#27;[90m1418 ms - 14&amp#27;[39m
&amp#27;[35m[HTTP]&amp#27;[39m &amp#27;[90m&amp#27;[39m
&amp#27;[35m[HTTP]&amp#27;[39m &amp#27;[37m-->&amp#27;[39m &amp#27;[37mGET&amp#27;[39m &amp#27;[37m/wd/hub/session/33f88b6c-e0f6-4b4f-8c2e-f1e04155d26e/window/rect&amp#27;[39m
&amp#27;[35m[HTTP]&amp#27;[39m &amp#27;[90m{}&amp#27;[39m
[debug] &amp#27;[35m[W3C (33f88b6c)]&amp#27;[39m Calling AppiumDriver.getWindowRect() with args: ["33f88b6c-e0f6-4b4f-8c2e-f1e04155d26e"]
[debug] &amp#27;[35m[WD Proxy]&amp#27;[39m Matched '/window/current/size' to command name 'getWindowSize'
[debug] &amp#27;[35m[WD Proxy]&amp#27;[39m Proxying [GET /window/current/size] to [GET http://127.0.0.1:8200/wd/hub/session/aa1c57ea-87a2-46a1-974c-07a385ffb7d3/window/current/size] with no body
[debug] &amp#27;[35m[WD Proxy]&amp#27;[39m Got response with status 200: {"sessionId":"aa1c57ea-87a2-46a1-974c-07a385ffb7d3","value":{"height":1794,"width":1080}}
[debug] &amp#27;[35m[W3C (33f88b6c)]&amp#27;[39m Responding to client with driver.getWindowRect() result: {"width":1080,"height":1794,"x":0,"y":0}
&amp#27;[35m[HTTP]&amp#27;[39m &amp#27;[37m<-- GET /wd/hub/session/33f88b6c-e0f6-4b4f-8c2e-f1e04155d26e/window/rect &amp#27;[39m&amp#27;[32m200&amp#27;[39m &amp#27;[90m33 ms - 50&amp#27;[39m
&amp#27;[35m[HTTP]&amp#27;[39m &amp#27;[90m&amp#27;[39m
&amp#27;[35m[HTTP]&amp#27;[39m &amp#27;[37m-->&amp#27;[39m &amp#27;[37mPOST&amp#27;[39m &amp#27;[37m/wd/hub/session/33f88b6c-e0f6-4b4f-8c2e-f1e04155d26e/touch/perform&amp#27;[39m
&amp#27;[35m[HTTP]&amp#27;[39m &amp#27;[90m{"actions":[{"action":"press","options":{"x":864,"y":358}},{"action":"wait","options":{"ms":1000}},{"action":"moveTo","options":{"x":108,"y":358}},{"action":"release","options":{}}]}&amp#27;[39m
[debug] &amp#27;[35m[W3C (33f88b6c)]&amp#27;[39m Calling AppiumDriver.performTouch() with args: [[{"action":"press","options":{"x":864,"y":358}},{"action":"wait","options":{"ms":1000}},{"action":"moveTo","options":{"x":108,"y":358}},{"action":"release","options":{}}],"33f88b6c-e0f6-4b4f-8c2e-f1e04155d26e"]
[debug] &amp#27;[35m[WD Proxy]&amp#27;[39m Matched '/touch/perform' to command name 'performTouch'
[debug] &amp#27;[35m[WD Proxy]&amp#27;[39m Proxying [POST /touch/perform] to [POST http://127.0.0.1:8200/wd/hub/session/aa1c57ea-87a2-46a1-974c-07a385ffb7d3/touch/perform] with body: {"startX":864,"startY":358,"endX":108,"endY":358,"steps":28}
[debug] &amp#27;[35m[WD Proxy]&amp#27;[39m Got response with status 200: {"sessionId":"aa1c57ea-87a2-46a1-974c-07a385ffb7d3","value":null}
[debug] &amp#27;[35m[W3C (33f88b6c)]&amp#27;[39m Responding to client with driver.performTouch() result: null
&amp#27;[35m[HTTP]&amp#27;[39m &amp#27;[37m<-- POST /wd/hub/session/33f88b6c-e0f6-4b4f-8c2e-f1e04155d26e/touch/perform &amp#27;[39m&amp#27;[32m200&amp#27;[39m &amp#27;[90m1412 ms - 14&amp#27;[39m
&amp#27;[35m[HTTP]&amp#27;[39m &amp#27;[90m&amp#27;[39m
[INFO ] 2021-12-21 22:38:57.962 [main] SwipeOverImagesSteps - *****Boom! user is able to swipe across gallary images to view them******
Able to swipe over images to view more images!
&amp#27;[35m[HTTP]&amp#27;[39m &amp#27;[37m-->&amp#27;[39m &amp#27;[37mDELETE&amp#27;[39m &amp#27;[37m/wd/hub/session/33f88b6c-e0f6-4b4f-8c2e-f1e04155d26e&amp#27;[39m
&amp#27;[35m[HTTP]&amp#27;[39m &amp#27;[90m{}&amp#27;[39m
[debug] &amp#27;[35m[W3C (33f88b6c)]&amp#27;[39m Calling AppiumDriver.deleteSession() with args: ["33f88b6c-e0f6-4b4f-8c2e-f1e04155d26e"]
[debug] &amp#27;[35m[BaseDriver]&amp#27;[39m Event 'quitSessionRequested' logged at 1640106537967 (22:38:57 GMT+0530 (India Standard Time))
&amp#27;[35m[Appium]&amp#27;[39m Removing session 33f88b6c-e0f6-4b4f-8c2e-f1e04155d26e from our master session list
[debug] &amp#27;[35m[UiAutomator2]&amp#27;[39m Deleting UiAutomator2 session
[debug] &amp#27;[35m[UiAutomator2]&amp#27;[39m Deleting UiAutomator2 server session
[debug] &amp#27;[35m[WD Proxy]&amp#27;[39m Matched '/' to command name 'deleteSession'
[debug] &amp#27;[35m[WD Proxy]&amp#27;[39m Proxying [DELETE /] to [DELETE http://127.0.0.1:8200/wd/hub/session/aa1c57ea-87a2-46a1-974c-07a385ffb7d3] with no body
[debug] &amp#27;[35m[WD Proxy]&amp#27;[39m Got response with status 200: {"sessionId":"aa1c57ea-87a2-46a1-974c-07a385ffb7d3","value":null}
[debug] &amp#27;[35m[ADB]&amp#27;[39m Running 'C:\Users\asifansari\AppData\Local\Android\Sdk\platform-tools\adb.exe -P 5037 -s emulator-5554 shell am force-stop io.appium.android.apis'
[debug] &amp#27;[35m[Logcat]&amp#27;[39m Stopping logcat capture
[debug] &amp#27;[35m[ADB]&amp#27;[39m Removing forwarded port socket connection: 8200 
[debug] &amp#27;[35m[ADB]&amp#27;[39m Running 'C:\Users\asifansari\AppData\Local\Android\Sdk\platform-tools\adb.exe -P 5037 -s emulator-5554 forward --remove tcp:8200'
[debug] &amp#27;[35m[BaseDriver]&amp#27;[39m Event 'quitSessionFinished' logged at 1640106538166 (22:38:58 GMT+0530 (India Standard Time))
[debug] &amp#27;[35m[W3C (33f88b6c)]&amp#27;[39m Received response: null
[debug] &amp#27;[35m[W3C (33f88b6c)]&amp#27;[39m But deleting session, so not returning
[debug] &amp#27;[35m[W3C (33f88b6c)]&amp#27;[39m Responding to client with driver.deleteSession() result: null
&amp#27;[35m[HTTP]&amp#27;[39m &amp#27;[37m<-- DELETE /wd/hub/session/33f88b6c-e0f6-4b4f-8c2e-f1e04155d26e &amp#27;[39m&amp#27;[32m200&amp#27;[39m &amp#27;[90m202 ms - 14&amp#27;[39m
&amp#27;[35m[HTTP]&amp#27;[39m &amp#27;[90m&amp#27;[39m

  @test5
  Scenario: View All images of gallery through swiping horizontally # SwipeOverGallaryImages.feature:7
    Given application has already opened                            # AnimationFuncSteps.application_has_already_opened()
    When user tap on the view section                               # SwipeOverImagesSteps.user_tap_on_the_view_section()
    And go inside the gallary section                               # SwipeOverImagesSteps.go_inside_the_gallary_section()
    And select the Photos option                                    # SwipeOverImagesSteps.select_the_Photos_option()
    Then images of gallary gets visible                             # SwipeOverImagesSteps.images_of_gallary_gets_visible()
    When User swipes horizontally from right to left                # SwipeOverImagesSteps.user_swipes_horizontally_from_right_to_left()
    Then more images of nature get seen                             # SwipeOverImagesSteps.more_images_of_nature_get_seen()
####On test success-Test has been Successfully run#######]]></system-out>
    <system-err><![CDATA[Dec 21, 2021 10:38:50 PM io.appium.java_client.remote.AppiumCommandExecutor$1 lambda$0
INFO: Detected dialect: W3C
]]></system-err>
  </testcase>
</testsuite>