<?xml version="1.0" encoding="UTF-8"?>
<testng-results ignored="0" total="5" passed="5" failed="0" skipped="0">
  <reporter-output>
  </reporter-output>
  <suite started-at="2021-12-21T17:07:10Z" name="Suite" finished-at="2021-12-21T17:08:58Z" duration-ms="108128">
    <groups>
      <group name="cucumber">
        <method signature="AbstractTestNGCucumberTests.feature(cucumber.api.testng.CucumberFeatureWrapper)[pri:0, instance:com.RunnerFile.TestRunner@409c54f]" name="feature" class="cucumber.api.testng.AbstractTestNGCucumberTests"/>
      </group> <!-- cucumber -->
    </groups>
    <test started-at="2021-12-21T17:07:10Z" name="Test" finished-at="2021-12-21T17:08:58Z" duration-ms="108128">
      <class name="com.RunnerFile.TestRunner">
        <test-method is-config="true" signature="setUpClass()[pri:0, instance:com.RunnerFile.TestRunner@409c54f]" started-at="2021-12-21T17:07:10Z" name="setUpClass" finished-at="2021-12-21T17:07:10Z" duration-ms="192" status="PASS">
          <reporter-output>
          </reporter-output>
        </test-method> <!-- setUpClass -->
        <test-method signature="feature(cucumber.api.testng.CucumberFeatureWrapper)[pri:0, instance:com.RunnerFile.TestRunner@409c54f]" started-at="2021-12-21T17:07:10Z" name="feature" description="Runs Cucumber Feature" data-provider="features" finished-at="2021-12-21T17:07:30Z" duration-ms="20111" status="PASS">
          <params>
            <param index="0">
              <value>
                <![CDATA[To verify the click functionality of Display_Show_Title option in App section of  DemoApi app.]]>
              </value>
            </param>
          </params>
          <reporter-output>
          </reporter-output>
        </test-method> <!-- feature -->
        <test-method signature="feature(cucumber.api.testng.CucumberFeatureWrapper)[pri:0, instance:com.RunnerFile.TestRunner@409c54f]" started-at="2021-12-21T17:07:30Z" name="feature" description="Runs Cucumber Feature" data-provider="features" finished-at="2021-12-21T17:07:46Z" duration-ms="15814" status="PASS">
          <params>
            <param index="0">
              <value>
                <![CDATA[To verify and check the action of flip button under animation section of the  app.]]>
              </value>
            </param>
          </params>
          <reporter-output>
          </reporter-output>
        </test-method> <!-- feature -->
        <test-method signature="feature(cucumber.api.testng.CucumberFeatureWrapper)[pri:0, instance:com.RunnerFile.TestRunner@409c54f]" started-at="2021-12-21T17:07:46Z" name="feature" description="Runs Cucumber Feature" data-provider="features" finished-at="2021-12-21T17:08:19Z" duration-ms="32440" status="PASS">
          <params>
            <param index="0">
              <value>
                <![CDATA[Featurefile for Animation Related Test]]>
              </value>
            </param>
          </params>
          <reporter-output>
          </reporter-output>
        </test-method> <!-- feature -->
        <test-method signature="feature(cucumber.api.testng.CucumberFeatureWrapper)[pri:0, instance:com.RunnerFile.TestRunner@409c54f]" started-at="2021-12-21T17:08:19Z" name="feature" description="Runs Cucumber Feature" data-provider="features" finished-at="2021-12-21T17:08:36Z" duration-ms="17562" status="PASS">
          <params>
            <param index="0">
              <value>
                <![CDATA[To verify the SMS Messaging functionality in DemoApi app.]]>
              </value>
            </param>
          </params>
          <reporter-output>
          </reporter-output>
        </test-method> <!-- feature -->
        <test-method signature="feature(cucumber.api.testng.CucumberFeatureWrapper)[pri:0, instance:com.RunnerFile.TestRunner@409c54f]" started-at="2021-12-21T17:08:36Z" name="feature" description="Runs Cucumber Feature" data-provider="features" finished-at="2021-12-21T17:08:58Z" duration-ms="21516" status="PASS">
          <params>
            <param index="0">
              <value>
                <![CDATA[Swipe_to_view_Images]]>
              </value>
            </param>
          </params>
          <reporter-output>
          </reporter-output>
        </test-method> <!-- feature -->
        <test-method is-config="true" signature="tearDownClass()[pri:0, instance:com.RunnerFile.TestRunner@409c54f]" started-at="2021-12-21T17:08:58Z" name="tearDownClass" finished-at="2021-12-21T17:08:58Z" duration-ms="175" status="PASS">
          <reporter-output>
          </reporter-output>
        </test-method> <!-- tearDownClass -->
      </class> <!-- com.RunnerFile.TestRunner -->
    </test> <!-- Test -->
  </suite> <!-- Suite -->
</testng-results>
