<?xml version="1.0" encoding="UTF-8"?>
<testng-results ignored="0" total="5" passed="5" failed="0" skipped="0">
  <reporter-output>
  </reporter-output>
  <suite started-at="2021-12-21T17:03:14Z" name="Suite" finished-at="2021-12-21T17:05:02Z" duration-ms="107678">
    <groups>
      <group name="cucumber">
        <method signature="AbstractTestNGCucumberTests.feature(cucumber.api.testng.CucumberFeatureWrapper)[pri:0, instance:com.RunnerFile.TestRunner@3561c410]" name="feature" class="cucumber.api.testng.AbstractTestNGCucumberTests"/>
      </group> <!-- cucumber -->
    </groups>
    <test started-at="2021-12-21T17:03:14Z" name="Test" finished-at="2021-12-21T17:05:02Z" duration-ms="107678">
      <class name="com.RunnerFile.TestRunner">
        <test-method is-config="true" signature="setUpClass()[pri:0, instance:com.RunnerFile.TestRunner@3561c410]" started-at="2021-12-21T17:03:14Z" name="setUpClass" finished-at="2021-12-21T17:03:14Z" duration-ms="196" status="PASS">
          <reporter-output>
          </reporter-output>
        </test-method> <!-- setUpClass -->
        <test-method signature="feature(cucumber.api.testng.CucumberFeatureWrapper)[pri:0, instance:com.RunnerFile.TestRunner@3561c410]" started-at="2021-12-21T17:03:14Z" name="feature" description="Runs Cucumber Feature" data-provider="features" finished-at="2021-12-21T17:03:37Z" duration-ms="22282" status="PASS">
          <params>
            <param index="0">
              <value>
                <![CDATA[To verify the click functionality of Display_Show_Title option in App section of  DemoApi app.]]>
              </value>
            </param>
          </params>
          <reporter-output>
          </reporter-output>
        </test-method> <!-- feature -->
        <test-method signature="feature(cucumber.api.testng.CucumberFeatureWrapper)[pri:0, instance:com.RunnerFile.TestRunner@3561c410]" started-at="2021-12-21T17:03:37Z" name="feature" description="Runs Cucumber Feature" data-provider="features" finished-at="2021-12-21T17:03:52Z" duration-ms="15172" status="PASS">
          <params>
            <param index="0">
              <value>
                <![CDATA[To verify and check the action of flip button under animation section of the  app.]]>
              </value>
            </param>
          </params>
          <reporter-output>
          </reporter-output>
        </test-method> <!-- feature -->
        <test-method signature="feature(cucumber.api.testng.CucumberFeatureWrapper)[pri:0, instance:com.RunnerFile.TestRunner@3561c410]" started-at="2021-12-21T17:03:52Z" name="feature" description="Runs Cucumber Feature" data-provider="features" finished-at="2021-12-21T17:04:25Z" duration-ms="32894" status="PASS">
          <params>
            <param index="0">
              <value>
                <![CDATA[Featurefile for Animation Related Test]]>
              </value>
            </param>
          </params>
          <reporter-output>
          </reporter-output>
        </test-method> <!-- feature -->
        <test-method signature="feature(cucumber.api.testng.CucumberFeatureWrapper)[pri:0, instance:com.RunnerFile.TestRunner@3561c410]" started-at="2021-12-21T17:04:25Z" name="feature" description="Runs Cucumber Feature" data-provider="features" finished-at="2021-12-21T17:04:42Z" duration-ms="17077" status="PASS">
          <params>
            <param index="0">
              <value>
                <![CDATA[To verify the SMS Messaging functionality in DemoApi app.]]>
              </value>
            </param>
          </params>
          <reporter-output>
          </reporter-output>
        </test-method> <!-- feature -->
        <test-method signature="feature(cucumber.api.testng.CucumberFeatureWrapper)[pri:0, instance:com.RunnerFile.TestRunner@3561c410]" started-at="2021-12-21T17:04:42Z" name="feature" description="Runs Cucumber Feature" data-provider="features" finished-at="2021-12-21T17:05:01Z" duration-ms="19675" status="PASS">
          <params>
            <param index="0">
              <value>
                <![CDATA[Swipe_to_view_Images]]>
              </value>
            </param>
          </params>
          <reporter-output>
          </reporter-output>
        </test-method> <!-- feature -->
        <test-method is-config="true" signature="tearDownClass()[pri:0, instance:com.RunnerFile.TestRunner@3561c410]" started-at="2021-12-21T17:05:01Z" name="tearDownClass" finished-at="2021-12-21T17:05:02Z" duration-ms="137" status="PASS">
          <reporter-output>
          </reporter-output>
        </test-method> <!-- tearDownClass -->
      </class> <!-- com.RunnerFile.TestRunner -->
    </test> <!-- Test -->
  </suite> <!-- Suite -->
</testng-results>
